#
# There is insufficient memory for the Java Runtime Environment to continue.
# Native memory allocation (malloc) failed to allocate 262160 bytes. Error detail: Chunk::new
# Possible reasons:
#   The system is out of physical RAM or swap space
#   This process is running with CompressedOops enabled, and the Java Heap may be blocking the growth of the native heap
# Possible solutions:
#   Reduce memory load on the system
#   Increase physical memory or swap space
#   Check if swap backing store is full
#   Decrease Java heap size (-Xmx/-Xms)
#   Decrease number of Java threads
#   Decrease Java thread stack sizes (-Xss)
#   Set larger code cache with -XX:ReservedCodeCacheSize=
#   JVM is running with Unscaled Compressed Oops mode in which the Java heap is
#     placed in the first 4GB address space. The Java Heap base address is the
#     maximum limit for the native heap growth. Please use -XX:HeapBaseMinAddress
#     to set the Java Heap base and to place the Java Heap above 4GB virtual address.
# This output file may be truncated or incomplete.
#
#  Out of Memory Error (arena.cpp:191), pid=29004, tid=6896
#
# JRE version: OpenJDK Runtime Environment (17.0.11) (build 17.0.11+0--11852314)
# Java VM: OpenJDK 64-Bit Server VM (17.0.11+0--11852314, mixed mode, tiered, compressed oops, compressed class ptrs, g1 gc, windows-amd64)
# No core dump will be written. Minidumps are not enabled by default on client versions of Windows
#

---------------  S U M M A R Y ------------

Command Line: --add-opens=java.base/java.util=ALL-UNNAMED --add-opens=java.base/java.lang=ALL-UNNAMED --add-opens=java.base/java.lang.invoke=ALL-UNNAMED --add-opens=java.prefs/java.util.prefs=ALL-UNNAMED --add-opens=java.base/java.nio.charset=ALL-UNNAMED --add-opens=java.base/java.net=ALL-UNNAMED --add-opens=java.base/java.util.concurrent.atomic=ALL-UNNAMED -Xmx2048m -Dfile.encoding=UTF-8 -Duser.country=VN -Duser.language=vi -Duser.variant -javaagent:C:\Users\HP\.gradle\wrapper\dists\gradle-8.7-bin\bhs2wmbdwecv87pi65oeuq5iu\gradle-8.7\lib\agents\gradle-instrumentation-agent-8.7.jar org.gradle.launcher.daemon.bootstrap.GradleDaemon 8.7

Host: 12th Gen Intel(R) Core(TM) i5-1240P, 16 cores, 7G,  Windows 11 , 64 bit Build 22621 (10.0.22621.3958)
Time: Tue Sep 17 15:23:06 2024 SE Asia Standard Time elapsed time: 426.994639 seconds (0d 0h 7m 6s)

---------------  T H R E A D  ---------------

Current thread (0x000001c6c00650d0):  JavaThread "C2 CompilerThread0" daemon [_thread_in_native, id=6896, stack(0x000000363a000000,0x000000363a100000)]


Current CompileTask:
C2: 426995 15455   !   4       java.io.ObjectOutputStream::writeSerialData (223 bytes)

Stack: [0x000000363a000000,0x000000363a100000]
Native frames: (J=compiled Java code, j=interpreted, Vv=VM code, C=native code)
V  [jvm.dll+0x687bb9]
V  [jvm.dll+0x84142a]
V  [jvm.dll+0x8430ae]
V  [jvm.dll+0x843713]
V  [jvm.dll+0x24a35f]
V  [jvm.dll+0xac544]
V  [jvm.dll+0xacb8c]
V  [jvm.dll+0xac64b]
V  [jvm.dll+0x6acf38]
V  [jvm.dll+0x1aaa53]
V  [jvm.dll+0x6aec7f]
V  [jvm.dll+0x3477bf]
V  [jvm.dll+0x34fc79]
V  [jvm.dll+0x1aa0d7]
V  [jvm.dll+0x2b0b64]
V  [jvm.dll+0x6a0005]
V  [jvm.dll+0x697fbb]
V  [jvm.dll+0x6975f7]
V  [jvm.dll+0x6954e2]
V  [jvm.dll+0x1a964c]
V  [jvm.dll+0x1aa1e6]
V  [jvm.dll+0x2b0b64]
V  [jvm.dll+0x6a0005]
V  [jvm.dll+0x697fbb]
V  [jvm.dll+0x6975f7]
V  [jvm.dll+0x6954e2]
V  [jvm.dll+0x1a964c]
V  [jvm.dll+0x1aa1e6]
V  [jvm.dll+0x1aa1e6]
V  [jvm.dll+0x2b0b64]
V  [jvm.dll+0x6a0005]
V  [jvm.dll+0x697fbb]
V  [jvm.dll+0x6975f7]
V  [jvm.dll+0x6954e2]
V  [jvm.dll+0x1a964c]
V  [jvm.dll+0x1aa1e6]
V  [jvm.dll+0x2b0b64]
V  [jvm.dll+0x6a0005]
V  [jvm.dll+0x697fbb]
V  [jvm.dll+0x6975f7]
V  [jvm.dll+0x6954e2]
V  [jvm.dll+0x1a964c]
V  [jvm.dll+0x1aa1e6]
V  [jvm.dll+0x2b0b64]
V  [jvm.dll+0x6a0005]
V  [jvm.dll+0x697fbb]
V  [jvm.dll+0x6975f7]
V  [jvm.dll+0x6954e2]
V  [jvm.dll+0x1a964c]
V  [jvm.dll+0x1aa1e6]
V  [jvm.dll+0x2b0b64]
V  [jvm.dll+0x6a0005]
V  [jvm.dll+0x697fbb]
V  [jvm.dll+0x6975f7]
V  [jvm.dll+0x6954e2]
V  [jvm.dll+0x1a964c]
V  [jvm.dll+0x2b0b64]
V  [jvm.dll+0x6a0005]
V  [jvm.dll+0x697fbb]
V  [jvm.dll+0x6975f7]
V  [jvm.dll+0x6954e2]
V  [jvm.dll+0x1a964c]
V  [jvm.dll+0x2b0b64]
V  [jvm.dll+0x6a0005]
V  [jvm.dll+0x697fbb]
V  [jvm.dll+0x6975f7]
V  [jvm.dll+0x6954e2]
V  [jvm.dll+0x1a964c]
V  [jvm.dll+0x1aa1e6]
V  [jvm.dll+0x2b0b64]
V  [jvm.dll+0x6a0005]
V  [jvm.dll+0x697fbb]
V  [jvm.dll+0x6975f7]
V  [jvm.dll+0x6954e2]
V  [jvm.dll+0x1a964c]
V  [jvm.dll+0x1aa1e6]
V  [jvm.dll+0x2b0b64]
V  [jvm.dll+0x6a0005]
V  [jvm.dll+0x697fbb]
V  [jvm.dll+0x6975f7]
V  [jvm.dll+0x6954e2]
V  [jvm.dll+0x1a964c]
V  [jvm.dll+0x1aa1e6]
V  [jvm.dll+0x2b0b64]
V  [jvm.dll+0x6a0005]
V  [jvm.dll+0x697fbb]
V  [jvm.dll+0x6975f7]
V  [jvm.dll+0x6954e2]
V  [jvm.dll+0x1a964c]
V  [jvm.dll+0x1aa1e6]
V  [jvm.dll+0x2b0b64]
V  [jvm.dll+0x6a0005]
V  [jvm.dll+0x697fbb]
V  [jvm.dll+0x6975f7]
V  [jvm.dll+0x6954e2]
V  [jvm.dll+0x1a964c]
V  [jvm.dll+0x1aa1e6]
V  [jvm.dll+0x2b0b64]
V  [jvm.dll+0x6a0005]
...<more frames>...


---------------  P R O C E S S  ---------------

Threads class SMR info:
_java_thread_list=0x000001c6c5e2ff50, length=37, elements={
0x000001c69f24f8a0, 0x000001c6bbb721d0, 0x000001c6bbb73050, 0x000001c6c0060290,
0x000001c6c0060e50, 0x000001c6c0061a10, 0x000001c6c00643e0, 0x000001c6c00650d0,
0x000001c6c0065ad0, 0x000001c6c00684e0, 0x000001c6bbb164a0, 0x000001c6c0360380,
0x000001c6c158bdb0, 0x000001c6c114e6d0, 0x000001c6c1b52d80, 0x000001c6c16d2ee0,
0x000001c6c16d1590, 0x000001c6c16d33f0, 0x000001c6c30359e0, 0x000001c6c3030df0,
0x000001c6c3034ab0, 0x000001c6c16d3900, 0x000001c6c56f3190, 0x000001c6c57df9b0,
0x000001c6c57d6bf0, 0x000001c6c038bb80, 0x000001c6c0386f90, 0x000001c6c038b670,
0x000001c6c03883d0, 0x000001c6c038ac50, 0x000001c6c038b160, 0x000001c6c038cfc0,
0x000001c6c0389300, 0x000001c6c03874a0, 0x000001c6c038c5a0, 0x000001c6c038c090,
0x000001c6c03879b0
}

Java Threads: ( => current thread )
  0x000001c69f24f8a0 JavaThread "main" [_thread_blocked, id=16160, stack(0x0000003639300000,0x0000003639400000)]
  0x000001c6bbb721d0 JavaThread "Reference Handler" daemon [_thread_blocked, id=512, stack(0x0000003639a00000,0x0000003639b00000)]
  0x000001c6bbb73050 JavaThread "Finalizer" daemon [_thread_blocked, id=29160, stack(0x0000003639b00000,0x0000003639c00000)]
  0x000001c6c0060290 JavaThread "Signal Dispatcher" daemon [_thread_blocked, id=7604, stack(0x0000003639c00000,0x0000003639d00000)]
  0x000001c6c0060e50 JavaThread "Attach Listener" daemon [_thread_blocked, id=7692, stack(0x0000003639d00000,0x0000003639e00000)]
  0x000001c6c0061a10 JavaThread "Service Thread" daemon [_thread_blocked, id=4504, stack(0x0000003639e00000,0x0000003639f00000)]
  0x000001c6c00643e0 JavaThread "Monitor Deflation Thread" daemon [_thread_blocked, id=7616, stack(0x0000003639f00000,0x000000363a000000)]
=>0x000001c6c00650d0 JavaThread "C2 CompilerThread0" daemon [_thread_in_native, id=6896, stack(0x000000363a000000,0x000000363a100000)]
  0x000001c6c0065ad0 JavaThread "C1 CompilerThread0" daemon [_thread_blocked, id=21444, stack(0x000000363a100000,0x000000363a200000)]
  0x000001c6c00684e0 JavaThread "Sweeper thread" daemon [_thread_blocked, id=15756, stack(0x000000363a200000,0x000000363a300000)]
  0x000001c6bbb164a0 JavaThread "Common-Cleaner" daemon [_thread_blocked, id=11660, stack(0x000000363a300000,0x000000363a400000)]
  0x000001c6c0360380 JavaThread "Notification Thread" daemon [_thread_blocked, id=13096, stack(0x000000363a600000,0x000000363a700000)]
  0x000001c6c158bdb0 JavaThread "Daemon health stats" [_thread_blocked, id=1460, stack(0x000000363ac00000,0x000000363ad00000)]
  0x000001c6c114e6d0 JavaThread "Incoming local TCP Connector on port 57111" [_thread_in_native, id=18268, stack(0x000000363ad00000,0x000000363ae00000)]
  0x000001c6c1b52d80 JavaThread "Daemon periodic checks" [_thread_blocked, id=20892, stack(0x000000363ae00000,0x000000363af00000)]
  0x000001c6c16d2ee0 JavaThread "Cache worker for journal cache (C:\Users\HP\.gradle\caches\journal-1)" [_thread_blocked, id=11276, stack(0x000000363c100000,0x000000363c200000)]
  0x000001c6c16d1590 JavaThread "File lock request listener" [_thread_in_native, id=21028, stack(0x000000363c200000,0x000000363c300000)]
  0x000001c6c16d33f0 JavaThread "Cache worker for file hash cache (C:\Users\HP\.gradle\caches\8.7\fileHashes)" [_thread_blocked, id=17600, stack(0x000000363c300000,0x000000363c400000)]
  0x000001c6c30359e0 JavaThread "File watcher server" daemon [_thread_in_vm, id=26844, stack(0x000000363c500000,0x000000363c600000)]
  0x000001c6c3030df0 JavaThread "File watcher consumer" daemon [_thread_blocked, id=29016, stack(0x000000363c600000,0x000000363c700000)]
  0x000001c6c3034ab0 JavaThread "Cache worker for file content cache (C:\Users\HP\.gradle\caches\8.7\fileContent)" [_thread_blocked, id=8492, stack(0x000000363c900000,0x000000363ca00000)]
  0x000001c6c16d3900 JavaThread "Memory manager" [_thread_blocked, id=13184, stack(0x000000363ea00000,0x000000363eb00000)]
  0x000001c6c56f3190 JavaThread "pool-3-thread-1" [_thread_blocked, id=23660, stack(0x000000363eb00000,0x000000363ec00000)]
  0x000001c6c57df9b0 JavaThread "pool-6-thread-1" [_thread_blocked, id=22724, stack(0x000000363d900000,0x000000363da00000)]
  0x000001c6c57d6bf0 JavaThread "pool-9-thread-1" [_thread_blocked, id=10404, stack(0x000000363d700000,0x000000363d800000)]
  0x000001c6c038bb80 JavaThread "Daemon Thread 3" [_thread_blocked, id=16204, stack(0x0000003639000000,0x0000003639100000)]
  0x000001c6c0386f90 JavaThread "Handler for socket connection from /127.0.0.1:57111 to /127.0.0.1:57237" [_thread_in_native, id=17060, stack(0x0000003639100000,0x0000003639200000)]
  0x000001c6c038b670 JavaThread "Cancel handler" [_thread_blocked, id=27640, stack(0x0000003639200000,0x0000003639300000)]
  0x000001c6c03883d0 JavaThread "Daemon worker Thread 3" [_thread_in_native, id=9872, stack(0x000000363a400000,0x000000363a500000)]
  0x000001c6c038ac50 JavaThread "Asynchronous log dispatcher for DefaultDaemonConnection: socket connection from /127.0.0.1:57111 to /127.0.0.1:57237" [_thread_blocked, id=15820, stack(0x000000363a500000,0x000000363a600000)]
  0x000001c6c038b160 JavaThread "Stdin handler" [_thread_blocked, id=6744, stack(0x000000363af00000,0x000000363b000000)]
  0x000001c6c038cfc0 JavaThread "Daemon client event forwarder" [_thread_blocked, id=20980, stack(0x000000363b000000,0x000000363b100000)]
  0x000001c6c0389300 JavaThread "Cache worker for file hash cache (E:\Android\Login\.gradle\8.7\fileHashes)" [_thread_blocked, id=29464, stack(0x000000363b100000,0x000000363b200000)]
  0x000001c6c03874a0 JavaThread "Cache worker for checksums cache (E:\Android\Login\.gradle\8.7\checksums)" [_thread_blocked, id=23976, stack(0x000000363b200000,0x000000363b300000)]
  0x000001c6c038c5a0 JavaThread "Cache worker for cache directory md-supplier (C:\Users\HP\.gradle\caches\8.7\md-supplier)" [_thread_blocked, id=26280, stack(0x000000363b300000,0x000000363b400000)]
  0x000001c6c038c090 JavaThread "Cache worker for cache directory md-rule (C:\Users\HP\.gradle\caches\8.7\md-rule)" [_thread_blocked, id=22712, stack(0x000000363b400000,0x000000363b500000)]
  0x000001c6c03879b0 JavaThread "Cache worker for Build Output Cleanup Cache (E:\Android\Login\.gradle\buildOutputCleanup)" [_thread_blocked, id=13760, stack(0x000000363b500000,0x000000363b600000)]

Other Threads:
  0x000001c6bbb70b30 VMThread "VM Thread" [stack: 0x0000003639900000,0x0000003639a00000] [id=4740]
  0x000001c6c02f1b10 WatcherThread [stack: 0x000000363a700000,0x000000363a800000] [id=6368]
  0x000001c69f2aa900 GCTaskThread "GC Thread#0" [stack: 0x0000003639400000,0x0000003639500000] [id=4372]
  0x000001c6c1069070 GCTaskThread "GC Thread#1" [stack: 0x000000363a900000,0x000000363aa00000] [id=14920]
  0x000001c6c14d4830 GCTaskThread "GC Thread#2" [stack: 0x000000363aa00000,0x000000363ab00000] [id=28872]
  0x000001c6c0fa8870 GCTaskThread "GC Thread#3" [stack: 0x000000363ab00000,0x000000363ac00000] [id=23540]
  0x000001c6c04ce920 GCTaskThread "GC Thread#4" [stack: 0x000000363a800000,0x000000363a900000] [id=12056]
  0x000001c6c2024e30 GCTaskThread "GC Thread#5" [stack: 0x000000363b600000,0x000000363b700000] [id=25276]
  0x000001c6c1feca60 GCTaskThread "GC Thread#6" [stack: 0x000000363b700000,0x000000363b800000] [id=14164]
  0x000001c6c2083290 GCTaskThread "GC Thread#7" [stack: 0x000000363b800000,0x000000363b900000] [id=28144]
  0x000001c6c1dbcd00 GCTaskThread "GC Thread#8" [stack: 0x000000363b900000,0x000000363ba00000] [id=6772]
  0x000001c6c11779e0 GCTaskThread "GC Thread#9" [stack: 0x000000363ba00000,0x000000363bb00000] [id=15524]
  0x000001c6c2022cb0 GCTaskThread "GC Thread#10" [stack: 0x000000363bb00000,0x000000363bc00000] [id=16876]
  0x000001c6c20ee0e0 GCTaskThread "GC Thread#11" [stack: 0x000000363bc00000,0x000000363bd00000] [id=15764]
  0x000001c6c20ee3a0 GCTaskThread "GC Thread#12" [stack: 0x000000363bd00000,0x000000363be00000] [id=20112]
  0x000001c69f2bb850 ConcurrentGCThread "G1 Main Marker" [stack: 0x0000003639500000,0x0000003639600000] [id=19796]
  0x000001c69f2bc270 ConcurrentGCThread "G1 Conc#0" [stack: 0x0000003639600000,0x0000003639700000] [id=25448]
  0x000001c6c20eebe0 ConcurrentGCThread "G1 Conc#1" [stack: 0x000000363be00000,0x000000363bf00000] [id=12444]
  0x000001c6c20ed5e0 ConcurrentGCThread "G1 Conc#2" [stack: 0x000000363bf00000,0x000000363c000000] [id=3632]
  0x000001c6bb9e18d0 ConcurrentGCThread "G1 Refine#0" [stack: 0x0000003639700000,0x0000003639800000] [id=2060]
  0x000001c6bb9e2300 ConcurrentGCThread "G1 Service" [stack: 0x0000003639800000,0x0000003639900000] [id=9680]

Threads with active compile tasks:
C2 CompilerThread0   427040 15455   !   4       java.io.ObjectOutputStream::writeSerialData (223 bytes)

VM state: not at safepoint (normal execution)

VM Mutex/Monitor currently owned by a thread: None

Heap address: 0x0000000080000000, size: 2048 MB, Compressed Oops mode: 32-bit

CDS archive(s) not mapped
Compressed class space mapped at: 0x0000000100000000-0x0000000140000000, reserved size: 1073741824
Narrow klass base: 0x0000000000000000, Narrow klass shift: 3, Narrow klass range: 0x140000000

GC Precious Log:
 CPUs: 16 total, 16 available
 Memory: 7860M
 Large Page Support: Disabled
 NUMA Support: Disabled
 Compressed Oops: Enabled (32-bit)
 Heap Region Size: 1M
 Heap Min Capacity: 8M
 Heap Initial Capacity: 124M
 Heap Max Capacity: 2G
 Pre-touch: Disabled
 Parallel Workers: 13
 Concurrent Workers: 3
 Concurrent Refinement Workers: 13
 Periodic GC: Disabled

Heap:
 garbage-first heap   total 195584K, used 120421K [0x0000000080000000, 0x0000000100000000)
  region size 1024K, 21 young (21504K), 2 survivors (2048K)
 Metaspace       used 107386K, committed 108224K, reserved 1179648K
  class space    used 14297K, committed 14720K, reserved 1048576K

Heap Regions: E=young(eden), S=young(survivor), O=old, HS=humongous(starts), HC=humongous(continues), CS=collection set, F=free, OA=open archive, CA=closed archive, TAMS=top-at-mark-start (previous, next)
|   0|0x0000000080000000, 0x0000000080100000, 0x0000000080100000|100%|HS|  |TAMS 0x0000000080100000, 0x0000000080000000| Complete 
|   1|0x0000000080100000, 0x0000000080200000, 0x0000000080200000|100%|HC|  |TAMS 0x0000000080200000, 0x0000000080100000| Complete 
|   2|0x0000000080200000, 0x0000000080300000, 0x0000000080300000|100%|HC|  |TAMS 0x0000000080300000, 0x0000000080200000| Complete 
|   3|0x0000000080300000, 0x0000000080400000, 0x0000000080400000|100%|HC|  |TAMS 0x0000000080400000, 0x0000000080300000| Complete 
|   4|0x0000000080400000, 0x0000000080500000, 0x0000000080500000|100%| O|  |TAMS 0x0000000080500000, 0x0000000080400000| Untracked 
|   5|0x0000000080500000, 0x0000000080600000, 0x0000000080600000|100%| O|  |TAMS 0x0000000080600000, 0x0000000080500000| Untracked 
|   6|0x0000000080600000, 0x0000000080700000, 0x0000000080700000|100%| O|  |TAMS 0x0000000080700000, 0x0000000080600000| Untracked 
|   7|0x0000000080700000, 0x0000000080800000, 0x0000000080800000|100%| O|  |TAMS 0x0000000080800000, 0x0000000080700000| Untracked 
|   8|0x0000000080800000, 0x0000000080900000, 0x0000000080900000|100%| O|  |TAMS 0x0000000080900000, 0x0000000080800000| Untracked 
|   9|0x0000000080900000, 0x0000000080a00000, 0x0000000080a00000|100%| O|  |TAMS 0x0000000080a00000, 0x0000000080900000| Untracked 
|  10|0x0000000080a00000, 0x0000000080a6b800, 0x0000000080b00000| 41%| O|  |TAMS 0x0000000080a6b800, 0x0000000080a00000| Untracked 
|  11|0x0000000080b00000, 0x0000000080c00000, 0x0000000080c00000|100%| O|  |TAMS 0x0000000080c00000, 0x0000000080b00000| Untracked 
|  12|0x0000000080c00000, 0x0000000080d00000, 0x0000000080d00000|100%| O|  |TAMS 0x0000000080d00000, 0x0000000080c00000| Untracked 
|  13|0x0000000080d00000, 0x0000000080e00000, 0x0000000080e00000|100%| O|  |TAMS 0x0000000080e00000, 0x0000000080d00000| Untracked 
|  14|0x0000000080e00000, 0x0000000080f00000, 0x0000000080f00000|100%| O|  |TAMS 0x0000000080f00000, 0x0000000080e00000| Untracked 
|  15|0x0000000080f00000, 0x0000000081000000, 0x0000000081000000|100%| O|  |TAMS 0x0000000081000000, 0x0000000080f00000| Untracked 
|  16|0x0000000081000000, 0x0000000081100000, 0x0000000081100000|100%| O|  |TAMS 0x0000000081100000, 0x0000000081000000| Untracked 
|  17|0x0000000081100000, 0x0000000081200000, 0x0000000081200000|100%| O|  |TAMS 0x0000000081200000, 0x0000000081100000| Untracked 
|  18|0x0000000081200000, 0x0000000081300000, 0x0000000081300000|100%| O|  |TAMS 0x0000000081300000, 0x0000000081200000| Untracked 
|  19|0x0000000081300000, 0x0000000081400000, 0x0000000081400000|100%| O|  |TAMS 0x0000000081400000, 0x0000000081300000| Untracked 
|  20|0x0000000081400000, 0x0000000081500000, 0x0000000081500000|100%| O|  |TAMS 0x0000000081500000, 0x0000000081400000| Untracked 
|  21|0x0000000081500000, 0x0000000081600000, 0x0000000081600000|100%| O|  |TAMS 0x0000000081600000, 0x0000000081500000| Untracked 
|  22|0x0000000081600000, 0x0000000081700000, 0x0000000081700000|100%| O|  |TAMS 0x0000000081700000, 0x0000000081600000| Untracked 
|  23|0x0000000081700000, 0x0000000081800000, 0x0000000081800000|100%|HS|  |TAMS 0x0000000081800000, 0x0000000081700000| Complete 
|  24|0x0000000081800000, 0x0000000081900000, 0x0000000081900000|100%| O|  |TAMS 0x0000000081900000, 0x0000000081800000| Untracked 
|  25|0x0000000081900000, 0x0000000081a00000, 0x0000000081a00000|100%| O|  |TAMS 0x0000000081a00000, 0x0000000081900000| Untracked 
|  26|0x0000000081a00000, 0x0000000081b00000, 0x0000000081b00000|100%| O|  |TAMS 0x0000000081b00000, 0x0000000081a00000| Untracked 
|  27|0x0000000081b00000, 0x0000000081c00000, 0x0000000081c00000|100%| O|  |TAMS 0x0000000081c00000, 0x0000000081b00000| Untracked 
|  28|0x0000000081c00000, 0x0000000081d00000, 0x0000000081d00000|100%| O|  |TAMS 0x0000000081d00000, 0x0000000081c00000| Untracked 
|  29|0x0000000081d00000, 0x0000000081e00000, 0x0000000081e00000|100%| O|  |TAMS 0x0000000081e00000, 0x0000000081d00000| Untracked 
|  30|0x0000000081e00000, 0x0000000081f00000, 0x0000000081f00000|100%| O|  |TAMS 0x0000000081f00000, 0x0000000081e00000| Untracked 
|  31|0x0000000081f00000, 0x0000000082000000, 0x0000000082000000|100%| O|  |TAMS 0x0000000082000000, 0x0000000081f00000| Untracked 
|  32|0x0000000082000000, 0x0000000082100000, 0x0000000082100000|100%| O|  |TAMS 0x0000000082100000, 0x0000000082000000| Untracked 
|  33|0x0000000082100000, 0x0000000082200000, 0x0000000082200000|100%| O|  |TAMS 0x0000000082200000, 0x0000000082100000| Untracked 
|  34|0x0000000082200000, 0x0000000082300000, 0x0000000082300000|100%| O|  |TAMS 0x0000000082300000, 0x0000000082200000| Untracked 
|  35|0x0000000082300000, 0x0000000082400000, 0x0000000082400000|100%|HS|  |TAMS 0x0000000082400000, 0x0000000082300000| Complete 
|  36|0x0000000082400000, 0x0000000082500000, 0x0000000082500000|100%|HS|  |TAMS 0x0000000082500000, 0x0000000082400000| Complete 
|  37|0x0000000082500000, 0x0000000082600000, 0x0000000082600000|100%|HS|  |TAMS 0x0000000082600000, 0x0000000082500000| Complete 
|  38|0x0000000082600000, 0x0000000082700000, 0x0000000082700000|100%| O|  |TAMS 0x0000000082700000, 0x0000000082600000| Untracked 
|  39|0x0000000082700000, 0x0000000082800000, 0x0000000082800000|100%| O|  |TAMS 0x0000000082800000, 0x0000000082700000| Untracked 
|  40|0x0000000082800000, 0x0000000082900000, 0x0000000082900000|100%| O|  |TAMS 0x0000000082900000, 0x0000000082800000| Untracked 
|  41|0x0000000082900000, 0x0000000082a00000, 0x0000000082a00000|100%| O|  |TAMS 0x0000000082a00000, 0x0000000082900000| Untracked 
|  42|0x0000000082a00000, 0x0000000082b00000, 0x0000000082b00000|100%| O|  |TAMS 0x0000000082a00000, 0x0000000082a00000| Untracked 
|  43|0x0000000082b00000, 0x0000000082c00000, 0x0000000082c00000|100%| O|  |TAMS 0x0000000082c00000, 0x0000000082b00000| Untracked 
|  44|0x0000000082c00000, 0x0000000082d00000, 0x0000000082d00000|100%|HS|  |TAMS 0x0000000082d00000, 0x0000000082c00000| Complete 
|  45|0x0000000082d00000, 0x0000000082e00000, 0x0000000082e00000|100%| O|  |TAMS 0x0000000082e00000, 0x0000000082d00000| Untracked 
|  46|0x0000000082e00000, 0x0000000082f00000, 0x0000000082f00000|100%|HS|  |TAMS 0x0000000082f00000, 0x0000000082e00000| Complete 
|  47|0x0000000082f00000, 0x0000000083000000, 0x0000000083000000|100%| O|  |TAMS 0x0000000083000000, 0x0000000082f00000| Untracked 
|  48|0x0000000083000000, 0x0000000083100000, 0x0000000083100000|100%| O|  |TAMS 0x0000000083100000, 0x0000000083000000| Untracked 
|  49|0x0000000083100000, 0x0000000083200000, 0x0000000083200000|100%| O|  |TAMS 0x0000000083200000, 0x0000000083100000| Untracked 
|  50|0x0000000083200000, 0x0000000083300000, 0x0000000083300000|100%| O|  |TAMS 0x0000000083300000, 0x0000000083200000| Untracked 
|  51|0x0000000083300000, 0x0000000083400000, 0x0000000083400000|100%| O|  |TAMS 0x0000000083400000, 0x0000000083300000| Untracked 
|  52|0x0000000083400000, 0x0000000083500000, 0x0000000083500000|100%| O|  |TAMS 0x0000000083500000, 0x0000000083400000| Untracked 
|  53|0x0000000083500000, 0x0000000083600000, 0x0000000083600000|100%| O|  |TAMS 0x0000000083600000, 0x0000000083500000| Untracked 
|  54|0x0000000083600000, 0x0000000083700000, 0x0000000083700000|100%| O|  |TAMS 0x0000000083700000, 0x0000000083600000| Untracked 
|  55|0x0000000083700000, 0x0000000083800000, 0x0000000083800000|100%| O|  |TAMS 0x0000000083800000, 0x0000000083700000| Untracked 
|  56|0x0000000083800000, 0x0000000083900000, 0x0000000083900000|100%|HS|  |TAMS 0x0000000083900000, 0x0000000083800000| Complete 
|  57|0x0000000083900000, 0x0000000083a00000, 0x0000000083a00000|100%| O|  |TAMS 0x0000000083a00000, 0x0000000083900000| Untracked 
|  58|0x0000000083a00000, 0x0000000083b00000, 0x0000000083b00000|100%| O|  |TAMS 0x0000000083b00000, 0x0000000083a00000| Untracked 
|  59|0x0000000083b00000, 0x0000000083c00000, 0x0000000083c00000|100%| O|  |TAMS 0x0000000083c00000, 0x0000000083b00000| Untracked 
|  60|0x0000000083c00000, 0x0000000083d00000, 0x0000000083d00000|100%| O|  |TAMS 0x0000000083d00000, 0x0000000083c00000| Untracked 
|  61|0x0000000083d00000, 0x0000000083e00000, 0x0000000083e00000|100%| O|  |TAMS 0x0000000083e00000, 0x0000000083d00000| Untracked 
|  62|0x0000000083e00000, 0x0000000083f00000, 0x0000000083f00000|100%| O|  |TAMS 0x0000000083f00000, 0x0000000083e00000| Untracked 
|  63|0x0000000083f00000, 0x0000000084000000, 0x0000000084000000|100%| O|  |TAMS 0x0000000084000000, 0x0000000083f00000| Untracked 
|  64|0x0000000084000000, 0x0000000084100000, 0x0000000084100000|100%| O|  |TAMS 0x0000000084100000, 0x0000000084000000| Untracked 
|  65|0x0000000084100000, 0x0000000084200000, 0x0000000084200000|100%| O|  |TAMS 0x0000000084200000, 0x0000000084100000| Untracked 
|  66|0x0000000084200000, 0x0000000084300000, 0x0000000084300000|100%| O|  |TAMS 0x0000000084300000, 0x0000000084200000| Untracked 
|  67|0x0000000084300000, 0x0000000084400000, 0x0000000084400000|100%| O|  |TAMS 0x0000000084400000, 0x0000000084300000| Untracked 
|  68|0x0000000084400000, 0x0000000084500000, 0x0000000084500000|100%| O|  |TAMS 0x0000000084500000, 0x0000000084400000| Untracked 
|  69|0x0000000084500000, 0x0000000084600000, 0x0000000084600000|100%| O|  |TAMS 0x0000000084600000, 0x0000000084500000| Untracked 
|  70|0x0000000084600000, 0x0000000084700000, 0x0000000084700000|100%| O|  |TAMS 0x0000000084600000, 0x0000000084600000| Untracked 
|  71|0x0000000084700000, 0x0000000084800000, 0x0000000084800000|100%| O|  |TAMS 0x0000000084800000, 0x0000000084700000| Untracked 
|  72|0x0000000084800000, 0x0000000084900000, 0x0000000084900000|100%| O|  |TAMS 0x0000000084900000, 0x0000000084800000| Untracked 
|  73|0x0000000084900000, 0x0000000084a00000, 0x0000000084a00000|100%| O|  |TAMS 0x0000000084a00000, 0x0000000084900000| Untracked 
|  74|0x0000000084a00000, 0x0000000084b00000, 0x0000000084b00000|100%| O|  |TAMS 0x0000000084a00000, 0x0000000084a00000| Untracked 
|  75|0x0000000084b00000, 0x0000000084c00000, 0x0000000084c00000|100%| O|  |TAMS 0x0000000084b6ae00, 0x0000000084b00000| Untracked 
|  76|0x0000000084c00000, 0x0000000084d00000, 0x0000000084d00000|100%| O|  |TAMS 0x0000000084d00000, 0x0000000084c00000| Untracked 
|  77|0x0000000084d00000, 0x0000000084e00000, 0x0000000084e00000|100%| O|  |TAMS 0x0000000084e00000, 0x0000000084d00000| Untracked 
|  78|0x0000000084e00000, 0x0000000084f00000, 0x0000000084f00000|100%| O|  |TAMS 0x0000000084f00000, 0x0000000084e00000| Untracked 
|  79|0x0000000084f00000, 0x0000000085000000, 0x0000000085000000|100%| O|  |TAMS 0x0000000085000000, 0x0000000084f00000| Untracked 
|  80|0x0000000085000000, 0x0000000085100000, 0x0000000085100000|100%| O|  |TAMS 0x0000000085100000, 0x0000000085000000| Untracked 
|  81|0x0000000085100000, 0x0000000085200000, 0x0000000085200000|100%| O|  |TAMS 0x0000000085200000, 0x0000000085100000| Untracked 
|  82|0x0000000085200000, 0x0000000085300000, 0x0000000085300000|100%| O|  |TAMS 0x0000000085300000, 0x0000000085200000| Untracked 
|  83|0x0000000085300000, 0x0000000085400000, 0x0000000085400000|100%| O|  |TAMS 0x0000000085300000, 0x0000000085300000| Untracked 
|  84|0x0000000085400000, 0x0000000085500000, 0x0000000085500000|100%| O|  |TAMS 0x0000000085400000, 0x0000000085400000| Untracked 
|  85|0x0000000085500000, 0x0000000085600000, 0x0000000085600000|100%| O|  |TAMS 0x0000000085500000, 0x0000000085500000| Untracked 
|  86|0x0000000085600000, 0x0000000085700000, 0x0000000085700000|100%| O|  |TAMS 0x0000000085600000, 0x0000000085600000| Untracked 
|  87|0x0000000085700000, 0x0000000085800000, 0x0000000085800000|100%| O|  |TAMS 0x0000000085700000, 0x0000000085700000| Untracked 
|  88|0x0000000085800000, 0x0000000085900000, 0x0000000085900000|100%| O|  |TAMS 0x0000000085800000, 0x0000000085800000| Untracked 
|  89|0x0000000085900000, 0x0000000085a00000, 0x0000000085a00000|100%| O|  |TAMS 0x0000000085900000, 0x0000000085900000| Untracked 
|  90|0x0000000085a00000, 0x0000000085b00000, 0x0000000085b00000|100%| O|  |TAMS 0x0000000085a00000, 0x0000000085a00000| Untracked 
|  91|0x0000000085b00000, 0x0000000085c00000, 0x0000000085c00000|100%| O|  |TAMS 0x0000000085b00000, 0x0000000085b00000| Untracked 
|  92|0x0000000085c00000, 0x0000000085d00000, 0x0000000085d00000|100%| O|  |TAMS 0x0000000085c00000, 0x0000000085c00000| Untracked 
|  93|0x0000000085d00000, 0x0000000085e00000, 0x0000000085e00000|100%| O|  |TAMS 0x0000000085d00000, 0x0000000085d00000| Untracked 
|  94|0x0000000085e00000, 0x0000000085f00000, 0x0000000085f00000|100%| O|  |TAMS 0x0000000085e00000, 0x0000000085e00000| Untracked 
|  95|0x0000000085f00000, 0x0000000086000000, 0x0000000086000000|100%| O|  |TAMS 0x0000000085f00000, 0x0000000085f00000| Untracked 
|  96|0x0000000086000000, 0x0000000086100000, 0x0000000086100000|100%| O|  |TAMS 0x0000000086000000, 0x0000000086000000| Untracked 
|  97|0x0000000086100000, 0x0000000086200000, 0x0000000086200000|100%| O|  |TAMS 0x0000000086100000, 0x0000000086100000| Untracked 
|  98|0x0000000086200000, 0x00000000862bf400, 0x0000000086300000| 74%| O|  |TAMS 0x0000000086200000, 0x0000000086200000| Untracked 
|  99|0x0000000086300000, 0x0000000086300000, 0x0000000086400000|  0%| F|  |TAMS 0x0000000086300000, 0x0000000086300000| Untracked 
| 100|0x0000000086400000, 0x0000000086400000, 0x0000000086500000|  0%| F|  |TAMS 0x0000000086400000, 0x0000000086400000| Untracked 
| 101|0x0000000086500000, 0x0000000086500000, 0x0000000086600000|  0%| F|  |TAMS 0x0000000086500000, 0x0000000086500000| Untracked 
| 102|0x0000000086600000, 0x0000000086600000, 0x0000000086700000|  0%| F|  |TAMS 0x0000000086600000, 0x0000000086600000| Untracked 
| 103|0x0000000086700000, 0x0000000086700000, 0x0000000086800000|  0%| F|  |TAMS 0x0000000086700000, 0x0000000086700000| Untracked 
| 104|0x0000000086800000, 0x0000000086800000, 0x0000000086900000|  0%| F|  |TAMS 0x0000000086800000, 0x0000000086800000| Untracked 
| 105|0x0000000086900000, 0x0000000086900000, 0x0000000086a00000|  0%| F|  |TAMS 0x0000000086900000, 0x0000000086900000| Untracked 
| 106|0x0000000086a00000, 0x0000000086a00000, 0x0000000086b00000|  0%| F|  |TAMS 0x0000000086a00000, 0x0000000086a00000| Untracked 
| 107|0x0000000086b00000, 0x0000000086b00000, 0x0000000086c00000|  0%| F|  |TAMS 0x0000000086b00000, 0x0000000086b00000| Untracked 
| 108|0x0000000086c00000, 0x0000000086c00000, 0x0000000086d00000|  0%| F|  |TAMS 0x0000000086c00000, 0x0000000086c00000| Untracked 
| 109|0x0000000086d00000, 0x0000000086d00000, 0x0000000086e00000|  0%| F|  |TAMS 0x0000000086d00000, 0x0000000086d00000| Untracked 
| 110|0x0000000086e00000, 0x0000000086e00000, 0x0000000086f00000|  0%| F|  |TAMS 0x0000000086e00000, 0x0000000086e00000| Untracked 
| 111|0x0000000086f00000, 0x0000000086f00000, 0x0000000087000000|  0%| F|  |TAMS 0x0000000086f00000, 0x0000000086f00000| Untracked 
| 112|0x0000000087000000, 0x0000000087000000, 0x0000000087100000|  0%| F|  |TAMS 0x0000000087000000, 0x0000000087000000| Untracked 
| 113|0x0000000087100000, 0x0000000087100000, 0x0000000087200000|  0%| F|  |TAMS 0x0000000087100000, 0x0000000087100000| Untracked 
| 114|0x0000000087200000, 0x0000000087200000, 0x0000000087300000|  0%| F|  |TAMS 0x0000000087200000, 0x0000000087200000| Untracked 
| 115|0x0000000087300000, 0x0000000087300000, 0x0000000087400000|  0%| F|  |TAMS 0x0000000087300000, 0x0000000087300000| Untracked 
| 116|0x0000000087400000, 0x0000000087400000, 0x0000000087500000|  0%| F|  |TAMS 0x0000000087400000, 0x0000000087400000| Untracked 
| 117|0x0000000087500000, 0x0000000087500000, 0x0000000087600000|  0%| F|  |TAMS 0x0000000087500000, 0x0000000087500000| Untracked 
| 118|0x0000000087600000, 0x0000000087600000, 0x0000000087700000|  0%| F|  |TAMS 0x0000000087600000, 0x0000000087600000| Untracked 
| 119|0x0000000087700000, 0x0000000087700000, 0x0000000087800000|  0%| F|  |TAMS 0x0000000087700000, 0x0000000087700000| Untracked 
| 120|0x0000000087800000, 0x0000000087800000, 0x0000000087900000|  0%| F|  |TAMS 0x0000000087800000, 0x0000000087800000| Untracked 
| 121|0x0000000087900000, 0x0000000087900000, 0x0000000087a00000|  0%| F|  |TAMS 0x0000000087900000, 0x0000000087900000| Untracked 
| 122|0x0000000087a00000, 0x0000000087a00000, 0x0000000087b00000|  0%| F|  |TAMS 0x0000000087a00000, 0x0000000087a00000| Untracked 
| 123|0x0000000087b00000, 0x0000000087b00000, 0x0000000087c00000|  0%| F|  |TAMS 0x0000000087b00000, 0x0000000087b00000| Untracked 
| 124|0x0000000087c00000, 0x0000000087c00000, 0x0000000087d00000|  0%| F|  |TAMS 0x0000000087c00000, 0x0000000087c00000| Untracked 
| 125|0x0000000087d00000, 0x0000000087d00000, 0x0000000087e00000|  0%| F|  |TAMS 0x0000000087d00000, 0x0000000087d00000| Untracked 
| 126|0x0000000087e00000, 0x0000000087e00000, 0x0000000087f00000|  0%| F|  |TAMS 0x0000000087e00000, 0x0000000087e00000| Untracked 
| 127|0x0000000087f00000, 0x0000000087f00000, 0x0000000088000000|  0%| F|  |TAMS 0x0000000087f00000, 0x0000000087f00000| Untracked 
| 128|0x0000000088000000, 0x0000000088000000, 0x0000000088100000|  0%| F|  |TAMS 0x0000000088000000, 0x0000000088000000| Untracked 
| 129|0x0000000088100000, 0x0000000088100000, 0x0000000088200000|  0%| F|  |TAMS 0x0000000088100000, 0x0000000088100000| Untracked 
| 130|0x0000000088200000, 0x0000000088200000, 0x0000000088300000|  0%| F|  |TAMS 0x0000000088200000, 0x0000000088200000| Untracked 
| 131|0x0000000088300000, 0x0000000088300000, 0x0000000088400000|  0%| F|  |TAMS 0x0000000088300000, 0x0000000088300000| Untracked 
| 132|0x0000000088400000, 0x0000000088400000, 0x0000000088500000|  0%| F|  |TAMS 0x0000000088400000, 0x0000000088400000| Untracked 
| 133|0x0000000088500000, 0x000000008856e910, 0x0000000088600000| 43%| S|CS|TAMS 0x0000000088500000, 0x0000000088500000| Complete 
| 134|0x0000000088600000, 0x0000000088700000, 0x0000000088700000|100%| S|CS|TAMS 0x0000000088600000, 0x0000000088600000| Complete 
| 135|0x0000000088700000, 0x0000000088700000, 0x0000000088800000|  0%| F|  |TAMS 0x0000000088700000, 0x0000000088700000| Untracked 
| 136|0x0000000088800000, 0x0000000088800000, 0x0000000088900000|  0%| F|  |TAMS 0x0000000088800000, 0x0000000088800000| Untracked 
| 137|0x0000000088900000, 0x0000000088900000, 0x0000000088a00000|  0%| F|  |TAMS 0x0000000088900000, 0x0000000088900000| Untracked 
| 138|0x0000000088a00000, 0x0000000088a00000, 0x0000000088b00000|  0%| F|  |TAMS 0x0000000088a00000, 0x0000000088a00000| Untracked 
| 139|0x0000000088b00000, 0x0000000088b00000, 0x0000000088c00000|  0%| F|  |TAMS 0x0000000088b00000, 0x0000000088b00000| Untracked 
| 140|0x0000000088c00000, 0x0000000088c00000, 0x0000000088d00000|  0%| F|  |TAMS 0x0000000088c00000, 0x0000000088c00000| Untracked 
| 141|0x0000000088d00000, 0x0000000088d00000, 0x0000000088e00000|  0%| F|  |TAMS 0x0000000088d00000, 0x0000000088d00000| Untracked 
| 142|0x0000000088e00000, 0x0000000088e00000, 0x0000000088f00000|  0%| F|  |TAMS 0x0000000088e00000, 0x0000000088e00000| Untracked 
| 143|0x0000000088f00000, 0x0000000088f00000, 0x0000000089000000|  0%| F|  |TAMS 0x0000000088f00000, 0x0000000088f00000| Untracked 
| 144|0x0000000089000000, 0x0000000089000000, 0x0000000089100000|  0%| F|  |TAMS 0x0000000089000000, 0x0000000089000000| Untracked 
| 145|0x0000000089100000, 0x0000000089100000, 0x0000000089200000|  0%| F|  |TAMS 0x0000000089100000, 0x0000000089100000| Untracked 
| 146|0x0000000089200000, 0x0000000089200000, 0x0000000089300000|  0%| F|  |TAMS 0x0000000089200000, 0x0000000089200000| Untracked 
| 147|0x0000000089300000, 0x0000000089300000, 0x0000000089400000|  0%| F|  |TAMS 0x0000000089300000, 0x0000000089300000| Untracked 
| 148|0x0000000089400000, 0x0000000089400000, 0x0000000089500000|  0%| F|  |TAMS 0x0000000089400000, 0x0000000089400000| Untracked 
| 149|0x0000000089500000, 0x0000000089500000, 0x0000000089600000|  0%| F|  |TAMS 0x0000000089500000, 0x0000000089500000| Untracked 
| 150|0x0000000089600000, 0x0000000089600000, 0x0000000089700000|  0%| F|  |TAMS 0x0000000089600000, 0x0000000089600000| Untracked 
| 151|0x0000000089700000, 0x0000000089700000, 0x0000000089800000|  0%| F|  |TAMS 0x0000000089700000, 0x0000000089700000| Untracked 
| 152|0x0000000089800000, 0x0000000089800000, 0x0000000089900000|  0%| F|  |TAMS 0x0000000089800000, 0x0000000089800000| Untracked 
| 153|0x0000000089900000, 0x0000000089900000, 0x0000000089a00000|  0%| F|  |TAMS 0x0000000089900000, 0x0000000089900000| Untracked 
| 154|0x0000000089a00000, 0x0000000089a00000, 0x0000000089b00000|  0%| F|  |TAMS 0x0000000089a00000, 0x0000000089a00000| Untracked 
| 155|0x0000000089b00000, 0x0000000089b00000, 0x0000000089c00000|  0%| F|  |TAMS 0x0000000089b00000, 0x0000000089b00000| Untracked 
| 156|0x0000000089c00000, 0x0000000089c00000, 0x0000000089d00000|  0%| F|  |TAMS 0x0000000089c00000, 0x0000000089c00000| Untracked 
| 157|0x0000000089d00000, 0x0000000089d00000, 0x0000000089e00000|  0%| F|  |TAMS 0x0000000089d00000, 0x0000000089d00000| Untracked 
| 158|0x0000000089e00000, 0x0000000089e00000, 0x0000000089f00000|  0%| F|  |TAMS 0x0000000089e00000, 0x0000000089e00000| Untracked 
| 159|0x0000000089f00000, 0x0000000089f00000, 0x000000008a000000|  0%| F|  |TAMS 0x0000000089f00000, 0x0000000089f00000| Untracked 
| 160|0x000000008a000000, 0x000000008a000000, 0x000000008a100000|  0%| F|  |TAMS 0x000000008a000000, 0x000000008a000000| Untracked 
| 161|0x000000008a100000, 0x000000008a100000, 0x000000008a200000|  0%| F|  |TAMS 0x000000008a100000, 0x000000008a100000| Untracked 
| 162|0x000000008a200000, 0x000000008a200000, 0x000000008a300000|  0%| F|  |TAMS 0x000000008a200000, 0x000000008a200000| Untracked 
| 163|0x000000008a300000, 0x000000008a300000, 0x000000008a400000|  0%| F|  |TAMS 0x000000008a300000, 0x000000008a300000| Untracked 
| 164|0x000000008a400000, 0x000000008a400000, 0x000000008a500000|  0%| F|  |TAMS 0x000000008a400000, 0x000000008a400000| Untracked 
| 165|0x000000008a500000, 0x000000008a500000, 0x000000008a600000|  0%| F|  |TAMS 0x000000008a500000, 0x000000008a500000| Untracked 
| 166|0x000000008a600000, 0x000000008a600000, 0x000000008a700000|  0%| F|  |TAMS 0x000000008a600000, 0x000000008a600000| Untracked 
| 167|0x000000008a700000, 0x000000008a700000, 0x000000008a800000|  0%| F|  |TAMS 0x000000008a700000, 0x000000008a700000| Untracked 
| 168|0x000000008a800000, 0x000000008a800000, 0x000000008a900000|  0%| F|  |TAMS 0x000000008a800000, 0x000000008a800000| Untracked 
| 169|0x000000008a900000, 0x000000008a900000, 0x000000008aa00000|  0%| F|  |TAMS 0x000000008a900000, 0x000000008a900000| Untracked 
| 170|0x000000008aa00000, 0x000000008aa00000, 0x000000008ab00000|  0%| F|  |TAMS 0x000000008aa00000, 0x000000008aa00000| Untracked 
| 171|0x000000008ab00000, 0x000000008ab00000, 0x000000008ac00000|  0%| F|  |TAMS 0x000000008ab00000, 0x000000008ab00000| Untracked 
| 172|0x000000008ac00000, 0x000000008ac22c80, 0x000000008ad00000| 13%| E|  |TAMS 0x000000008ac00000, 0x000000008ac00000| Complete 
| 173|0x000000008ad00000, 0x000000008ae00000, 0x000000008ae00000|100%| E|CS|TAMS 0x000000008ad00000, 0x000000008ad00000| Complete 
| 174|0x000000008ae00000, 0x000000008af00000, 0x000000008af00000|100%| E|CS|TAMS 0x000000008ae00000, 0x000000008ae00000| Complete 
| 175|0x000000008af00000, 0x000000008b000000, 0x000000008b000000|100%| E|CS|TAMS 0x000000008af00000, 0x000000008af00000| Complete 
| 176|0x000000008b000000, 0x000000008b100000, 0x000000008b100000|100%| E|CS|TAMS 0x000000008b000000, 0x000000008b000000| Complete 
| 177|0x000000008b100000, 0x000000008b200000, 0x000000008b200000|100%| E|CS|TAMS 0x000000008b100000, 0x000000008b100000| Complete 
| 178|0x000000008b200000, 0x000000008b300000, 0x000000008b300000|100%| E|CS|TAMS 0x000000008b200000, 0x000000008b200000| Complete 
| 179|0x000000008b300000, 0x000000008b400000, 0x000000008b400000|100%| E|CS|TAMS 0x000000008b300000, 0x000000008b300000| Complete 
| 180|0x000000008b400000, 0x000000008b500000, 0x000000008b500000|100%| E|CS|TAMS 0x000000008b400000, 0x000000008b400000| Complete 
| 181|0x000000008b500000, 0x000000008b600000, 0x000000008b600000|100%| E|CS|TAMS 0x000000008b500000, 0x000000008b500000| Complete 
| 182|0x000000008b600000, 0x000000008b700000, 0x000000008b700000|100%| E|CS|TAMS 0x000000008b600000, 0x000000008b600000| Complete 
| 183|0x000000008b700000, 0x000000008b800000, 0x000000008b800000|100%| E|CS|TAMS 0x000000008b700000, 0x000000008b700000| Complete 
| 184|0x000000008b800000, 0x000000008b900000, 0x000000008b900000|100%| E|CS|TAMS 0x000000008b800000, 0x000000008b800000| Complete 
| 185|0x000000008b900000, 0x000000008ba00000, 0x000000008ba00000|100%| E|CS|TAMS 0x000000008b900000, 0x000000008b900000| Complete 
| 186|0x000000008ba00000, 0x000000008bb00000, 0x000000008bb00000|100%| E|CS|TAMS 0x000000008ba00000, 0x000000008ba00000| Complete 
| 187|0x000000008bb00000, 0x000000008bc00000, 0x000000008bc00000|100%| E|CS|TAMS 0x000000008bb00000, 0x000000008bb00000| Complete 
| 188|0x000000008bc00000, 0x000000008bd00000, 0x000000008bd00000|100%| E|CS|TAMS 0x000000008bc00000, 0x000000008bc00000| Complete 
| 189|0x000000008bd00000, 0x000000008be00000, 0x000000008be00000|100%| E|CS|TAMS 0x000000008bd00000, 0x000000008bd00000| Complete 
| 190|0x000000008be00000, 0x000000008bf00000, 0x000000008bf00000|100%| E|CS|TAMS 0x000000008be00000, 0x000000008be00000| Complete 

Card table byte_map: [0x000001c6b42d0000,0x000001c6b46d0000] _byte_map_base: 0x000001c6b3ed0000

Marking Bits (Prev, Next): (CMBitMap*) 0x000001c69f2aaf20, (CMBitMap*) 0x000001c69f2aaf60
 Prev Bits: [0x000001c6b4ad0000, 0x000001c6b6ad0000)
 Next Bits: [0x000001c6b6ad0000, 0x000001c6b8ad0000)

Polling page: 0x000001c69f300000

Metaspace:

Usage:
  Non-class:     90.91 MB used.
      Class:     13.96 MB used.
       Both:    104.87 MB used.

Virtual space:
  Non-class space:      128.00 MB reserved,      91.31 MB ( 71%) committed,  2 nodes.
      Class space:        1.00 GB reserved,      14.38 MB (  1%) committed,  1 nodes.
             Both:        1.12 GB reserved,     105.69 MB (  9%) committed. 

Chunk freelists:
   Non-Class:  4.69 MB
       Class:  1.59 MB
        Both:  6.28 MB

MaxMetaspaceSize: unlimited
CompressedClassSpaceSize: 1.00 GB
Initial GC threshold: 21.00 MB
Current GC threshold: 162.00 MB
CDS: off
MetaspaceReclaimPolicy: balanced
 - commit_granule_bytes: 65536.
 - commit_granule_words: 8192.
 - virtual_space_node_default_size: 8388608.
 - enlarge_chunks_in_place: 1.
 - new_chunks_are_fully_committed: 0.
 - uncommit_free_chunks: 1.
 - use_allocation_guard: 0.
 - handle_deallocations: 1.


Internal statistics:

num_allocs_failed_limit: 6.
num_arena_births: 1402.
num_arena_deaths: 2.
num_vsnodes_births: 3.
num_vsnodes_deaths: 0.
num_space_committed: 1689.
num_space_uncommitted: 0.
num_chunks_returned_to_freelist: 8.
num_chunks_taken_from_freelist: 5550.
num_chunk_merges: 3.
num_chunk_splits: 3599.
num_chunks_enlarged: 2306.
num_inconsistent_stats: 0.

CodeHeap 'non-profiled nmethods': size=119168Kb used=7108Kb max_used=7108Kb free=112060Kb
 bounds [0x000001c6abac0000, 0x000001c6ac1c0000, 0x000001c6b2f20000]
CodeHeap 'profiled nmethods': size=119104Kb used=26454Kb max_used=26454Kb free=92649Kb
 bounds [0x000001c6a3f20000, 0x000001c6a5900000, 0x000001c6ab370000]
CodeHeap 'non-nmethods': size=7488Kb used=1708Kb max_used=2877Kb free=5779Kb
 bounds [0x000001c6ab370000, 0x000001c6ab650000, 0x000001c6abac0000]
 total_blobs=14271 nmethods=13474 adapters=707
 compilation: enabled
              stopped_count=0, restarted_count=0
 full_count=0

Compilation events (20 events):
Event: 426.855 Thread 0x000001c6c00650d0 nmethod 15447% 0x000001c6ac1ad590 code [0x000001c6ac1ad720, 0x000001c6ac1adfd8]
Event: 426.870 Thread 0x000001c6c00650d0 15448       4       java.lang.invoke.Invokers$Holder::linkToTargetMethod (13 bytes)
Event: 426.871 Thread 0x000001c6c00650d0 nmethod 15448 0x000001c6ac1ae290 code [0x000001c6ac1ae420, 0x000001c6ac1ae4f8]
Event: 426.883 Thread 0x000001c6c0065ad0 15449       3       org.gradle.internal.service.DefaultServiceRegistry$ParentServices::getFactory (11 bytes)
Event: 426.884 Thread 0x000001c6c0065ad0 nmethod 15449 0x000001c6a58f1010 code [0x000001c6a58f11c0, 0x000001c6a58f1388]
Event: 426.891 Thread 0x000001c6c0065ad0 15450       3       org.gradle.api.internal.project.DefaultProject::getConvention (8 bytes)
Event: 426.894 Thread 0x000001c6c0065ad0 nmethod 15450 0x000001c6a58f1490 code [0x000001c6a58f1620, 0x000001c6a58f17d8]
Event: 426.908 Thread 0x000001c6c0065ad0 15451       3       com.google.common.collect.Iterables::toArray (10 bytes)
Event: 426.910 Thread 0x000001c6c0065ad0 nmethod 15451 0x000001c6a58f1890 code [0x000001c6a58f1ae0, 0x000001c6a58f2578]
Event: 426.910 Thread 0x000001c6c0065ad0 15452       3       com.google.common.collect.ObjectArrays::newArray (9 bytes)
Event: 426.911 Thread 0x000001c6c0065ad0 nmethod 15452 0x000001c6a58f2890 code [0x000001c6a58f2a40, 0x000001c6a58f2ca8]
Event: 426.935 Thread 0x000001c6c00650d0 15453       4       org.gradle.internal.instantiation.generator.ParamsMatchingConstructorSelector::forParams (481 bytes)
Event: 426.954 Thread 0x000001c6c00650d0 nmethod 15453 0x000001c6ac1ae610 code [0x000001c6ac1ae840, 0x000001c6ac1af558]
Event: 426.954 Thread 0x000001c6c00650d0 15454       4       java.util.HashSet::<init> (17 bytes)
Event: 426.956 Thread 0x000001c6c00650d0 nmethod 15454 0x000001c6ac1b0490 code [0x000001c6ac1b0620, 0x000001c6ac1b0838]
Event: 426.960 Thread 0x000001c6c00650d0 15455   !   4       java.io.ObjectOutputStream::writeSerialData (223 bytes)
Event: 426.974 Thread 0x000001c6c0065ad0 15457       3       java.io.ObjectStreamClass$FieldReflector::setPrimFieldValues (329 bytes)
Event: 426.977 Thread 0x000001c6c0065ad0 nmethod 15457 0x000001c6a58f2d90 code [0x000001c6a58f3000, 0x000001c6a58f3c58]
Event: 426.981 Thread 0x000001c6c0065ad0 15458       3       org.gradle.api.internal.artifacts.repositories.DefaultMavenArtifactRepository_Decorated::getName (40 bytes)
Event: 426.984 Thread 0x000001c6c0065ad0 nmethod 15458 0x000001c6a58f4210 code [0x000001c6a58f43e0, 0x000001c6a58f4738]

GC Heap History (20 events):
Event: 10.197 GC heap before
{Heap before GC invocations=29 (full 0):
 garbage-first heap   total 162816K, used 102693K [0x0000000080000000, 0x0000000100000000)
  region size 1024K, 33 young (33792K), 7 survivors (7168K)
 Metaspace       used 95468K, committed 96192K, reserved 1179648K
  class space    used 13079K, committed 13440K, reserved 1048576K
}
Event: 10.202 GC heap after
{Heap after GC invocations=30 (full 0):
 garbage-first heap   total 162816K, used 82289K [0x0000000080000000, 0x0000000100000000)
  region size 1024K, 8 young (8192K), 8 survivors (8192K)
 Metaspace       used 95468K, committed 96192K, reserved 1179648K
  class space    used 13079K, committed 13440K, reserved 1048576K
}
Event: 10.671 GC heap before
{Heap before GC invocations=31 (full 0):
 garbage-first heap   total 162816K, used 132465K [0x0000000080000000, 0x0000000100000000)
  region size 1024K, 56 young (57344K), 8 survivors (8192K)
 Metaspace       used 98295K, committed 99072K, reserved 1179648K
  class space    used 13459K, committed 13824K, reserved 1048576K
}
Event: 10.676 GC heap after
{Heap after GC invocations=32 (full 0):
 garbage-first heap   total 162816K, used 83957K [0x0000000080000000, 0x0000000100000000)
  region size 1024K, 6 young (6144K), 6 survivors (6144K)
 Metaspace       used 98295K, committed 99072K, reserved 1179648K
  class space    used 13459K, committed 13824K, reserved 1048576K
}
Event: 10.678 GC heap before
{Heap before GC invocations=32 (full 0):
 garbage-first heap   total 162816K, used 84981K [0x0000000080000000, 0x0000000100000000)
  region size 1024K, 7 young (7168K), 6 survivors (6144K)
 Metaspace       used 98296K, committed 99072K, reserved 1179648K
  class space    used 13459K, committed 13824K, reserved 1048576K
}
Event: 10.680 GC heap after
{Heap after GC invocations=33 (full 0):
 garbage-first heap   total 162816K, used 83797K [0x0000000080000000, 0x0000000100000000)
  region size 1024K, 1 young (1024K), 1 survivors (1024K)
 Metaspace       used 98296K, committed 99072K, reserved 1179648K
  class space    used 13459K, committed 13824K, reserved 1048576K
}
Event: 11.023 GC heap before
{Heap before GC invocations=33 (full 0):
 garbage-first heap   total 162816K, used 130901K [0x0000000080000000, 0x0000000100000000)
  region size 1024K, 48 young (49152K), 1 survivors (1024K)
 Metaspace       used 98750K, committed 99520K, reserved 1179648K
  class space    used 13497K, committed 13888K, reserved 1048576K
}
Event: 11.027 GC heap after
{Heap after GC invocations=34 (full 0):
 garbage-first heap   total 195584K, used 87112K [0x0000000080000000, 0x0000000100000000)
  region size 1024K, 5 young (5120K), 5 survivors (5120K)
 Metaspace       used 98750K, committed 99520K, reserved 1179648K
  class space    used 13497K, committed 13888K, reserved 1048576K
}
Event: 11.516 GC heap before
{Heap before GC invocations=35 (full 0):
 garbage-first heap   total 195584K, used 155720K [0x0000000080000000, 0x0000000100000000)
  region size 1024K, 73 young (74752K), 5 survivors (5120K)
 Metaspace       used 99227K, committed 99968K, reserved 1179648K
  class space    used 13547K, committed 13888K, reserved 1048576K
}
Event: 11.519 GC heap after
{Heap after GC invocations=36 (full 0):
 garbage-first heap   total 195584K, used 89781K [0x0000000080000000, 0x0000000100000000)
  region size 1024K, 7 young (7168K), 7 survivors (7168K)
 Metaspace       used 99227K, committed 99968K, reserved 1179648K
  class space    used 13547K, committed 13888K, reserved 1048576K
}
Event: 11.525 GC heap before
{Heap before GC invocations=36 (full 0):
 garbage-first heap   total 195584K, used 91829K [0x0000000080000000, 0x0000000100000000)
  region size 1024K, 9 young (9216K), 7 survivors (7168K)
 Metaspace       used 99227K, committed 99968K, reserved 1179648K
  class space    used 13547K, committed 13888K, reserved 1048576K
}
Event: 11.528 GC heap after
{Heap after GC invocations=37 (full 0):
 garbage-first heap   total 195584K, used 88882K [0x0000000080000000, 0x0000000100000000)
  region size 1024K, 2 young (2048K), 2 survivors (2048K)
 Metaspace       used 99227K, committed 99968K, reserved 1179648K
  class space    used 13547K, committed 13888K, reserved 1048576K
}
Event: 12.007 GC heap before
{Heap before GC invocations=37 (full 0):
 garbage-first heap   total 195584K, used 155442K [0x0000000080000000, 0x0000000100000000)
  region size 1024K, 68 young (69632K), 2 survivors (2048K)
 Metaspace       used 102608K, committed 103360K, reserved 1179648K
  class space    used 13927K, committed 14272K, reserved 1048576K
}
Event: 12.010 GC heap after
{Heap after GC invocations=38 (full 0):
 garbage-first heap   total 195584K, used 92295K [0x0000000080000000, 0x0000000100000000)
  region size 1024K, 5 young (5120K), 5 survivors (5120K)
 Metaspace       used 102608K, committed 103360K, reserved 1179648K
  class space    used 13927K, committed 14272K, reserved 1048576K
}
Event: 64.928 GC heap before
{Heap before GC invocations=38 (full 0):
 garbage-first heap   total 195584K, used 156807K [0x0000000080000000, 0x0000000100000000)
  region size 1024K, 69 young (70656K), 5 survivors (5120K)
 Metaspace       used 106288K, committed 107136K, reserved 1179648K
  class space    used 14241K, committed 14656K, reserved 1048576K
}
Event: 64.978 GC heap after
{Heap after GC invocations=39 (full 0):
 garbage-first heap   total 195584K, used 97019K [0x0000000080000000, 0x0000000100000000)
  region size 1024K, 9 young (9216K), 9 survivors (9216K)
 Metaspace       used 106288K, committed 107136K, reserved 1179648K
  class space    used 14241K, committed 14656K, reserved 1048576K
}
Event: 221.788 GC heap before
{Heap before GC invocations=39 (full 0):
 garbage-first heap   total 195584K, used 158459K [0x0000000080000000, 0x0000000100000000)
  region size 1024K, 69 young (70656K), 9 survivors (9216K)
 Metaspace       used 106889K, committed 107712K, reserved 1179648K
  class space    used 14274K, committed 14656K, reserved 1048576K
}
Event: 221.981 GC heap after
{Heap after GC invocations=40 (full 0):
 garbage-first heap   total 195584K, used 102422K [0x0000000080000000, 0x0000000100000000)
  region size 1024K, 6 young (6144K), 6 survivors (6144K)
 Metaspace       used 106889K, committed 107712K, reserved 1179648K
  class space    used 14274K, committed 14656K, reserved 1048576K
}
Event: 257.613 GC heap before
{Heap before GC invocations=40 (full 0):
 garbage-first heap   total 195584K, used 158742K [0x0000000080000000, 0x0000000100000000)
  region size 1024K, 62 young (63488K), 6 survivors (6144K)
 Metaspace       used 107331K, committed 108224K, reserved 1179648K
  class space    used 14295K, committed 14720K, reserved 1048576K
}
Event: 257.674 GC heap after
{Heap after GC invocations=41 (full 0):
 garbage-first heap   total 195584K, used 101989K [0x0000000080000000, 0x0000000100000000)
  region size 1024K, 2 young (2048K), 2 survivors (2048K)
 Metaspace       used 107331K, committed 108224K, reserved 1179648K
  class space    used 14295K, committed 14720K, reserved 1048576K
}

Dll operation events (3 events):
Event: 0.010 Loaded shared library D:\androidstudio\jbr\bin\java.dll
Event: 0.118 Loaded shared library D:\androidstudio\jbr\bin\zip.dll
Event: 0.377 Loaded shared library D:\androidstudio\jbr\bin\verify.dll

Deoptimization events (20 events):
Event: 225.827 Thread 0x000001c6c57dcc20 DEOPT PACKING pc=0x000001c6ac14f4d8 sp=0x000000363dcf8970
Event: 225.827 Thread 0x000001c6c57dcc20 DEOPT UNPACKING pc=0x000001c6ab3c69a3 sp=0x000000363dcf8848 mode 2
Event: 225.829 Thread 0x000001c6c57dcc20 Uncommon trap: trap_request=0xffffffd6 fr.pc=0x000001c6ac14f4d8 relative=0x0000000000002758
Event: 225.829 Thread 0x000001c6c57dcc20 Uncommon trap: reason=array_check action=maybe_recompile pc=0x000001c6ac14f4d8 method=java.util.TimSort.reverseRange([Ljava/lang/Object;II)V @ 27 c2
Event: 225.829 Thread 0x000001c6c57dcc20 DEOPT PACKING pc=0x000001c6ac14f4d8 sp=0x000000363dcfa810
Event: 225.829 Thread 0x000001c6c57dcc20 DEOPT UNPACKING pc=0x000001c6ab3c69a3 sp=0x000000363dcfa6e8 mode 2
Event: 226.037 Thread 0x000001c6c57dc710 Uncommon trap: trap_request=0xffffff76 fr.pc=0x000001c6ac15bc30 relative=0x00000000000023b0
Event: 226.037 Thread 0x000001c6c57dc710 Uncommon trap: reason=predicate action=maybe_recompile pc=0x000001c6ac15bc30 method=java.util.TimSort.binarySort([Ljava/lang/Object;IIILjava/util/Comparator;)V @ 34 c2
Event: 226.037 Thread 0x000001c6c57dc710 DEOPT PACKING pc=0x000001c6ac15bc30 sp=0x000000363dbfcf90
Event: 226.037 Thread 0x000001c6c57dc710 DEOPT UNPACKING pc=0x000001c6ab3c69a3 sp=0x000000363dbfcec8 mode 2
Event: 426.715 Thread 0x000001c6c03883d0 Uncommon trap: trap_request=0xffffffc6 fr.pc=0x000001c6abc668b0 relative=0x0000000000000430
Event: 426.715 Thread 0x000001c6c03883d0 Uncommon trap: reason=bimorphic_or_optimized_type_check action=maybe_recompile pc=0x000001c6abc668b0 method=java.util.Spliterators$IteratorSpliterator.tryAdvance(Ljava/util/function/Consumer;)Z @ 50 c2
Event: 426.715 Thread 0x000001c6c03883d0 DEOPT PACKING pc=0x000001c6abc668b0 sp=0x000000363a4fb710
Event: 426.716 Thread 0x000001c6c03883d0 DEOPT UNPACKING pc=0x000001c6ab3c69a3 sp=0x000000363a4fb6b0 mode 2
Event: 426.837 Thread 0x000001c6c03883d0 Uncommon trap: trap_request=0xffffffd6 fr.pc=0x000001c6ac16f33c relative=0x000000000000221c
Event: 426.837 Thread 0x000001c6c03883d0 Uncommon trap: reason=array_check action=maybe_recompile pc=0x000001c6ac16f33c method=java.util.TimSort.binarySort([Ljava/lang/Object;IIILjava/util/Comparator;)V @ 215 c2
Event: 426.837 Thread 0x000001c6c03883d0 DEOPT PACKING pc=0x000001c6ac16f33c sp=0x000000363a4fade0
Event: 426.837 Thread 0x000001c6c03883d0 DEOPT UNPACKING pc=0x000001c6ab3c69a3 sp=0x000000363a4fad10 mode 2
Event: 426.920 Thread 0x000001c6c03883d0 DEOPT PACKING pc=0x000001c6a461e359 sp=0x000000363a4f9fe0
Event: 426.920 Thread 0x000001c6c03883d0 DEOPT UNPACKING pc=0x000001c6ab3c7143 sp=0x000000363a4f94d0 mode 0

Classes unloaded (1 events):
Event: 11.066 Thread 0x000001c6bbb70b30 Unloading class 0x0000000100da4c00 'java/lang/invoke/LambdaForm$DMH+0x0000000100da4c00'

Classes redefined (0 events):
No events

Internal exceptions (20 events):
Event: 226.551 Thread 0x000001c6c038cfc0 Exception <a 'sun/nio/fs/WindowsException'{0x000000008888a3d8}> (0x000000008888a3d8) 
thrown [s\src\hotspot\share\prims\jni.cpp, line 531]
Event: 226.551 Thread 0x000001c6c038cfc0 Exception <a 'sun/nio/fs/WindowsException'{0x000000008888ae88}> (0x000000008888ae88) 
thrown [s\src\hotspot\share\prims\jni.cpp, line 531]
Event: 226.552 Thread 0x000001c6c038cfc0 Exception <a 'sun/nio/fs/WindowsException'{0x000000008888bbc8}> (0x000000008888bbc8) 
thrown [s\src\hotspot\share\prims\jni.cpp, line 531]
Event: 226.553 Thread 0x000001c6c038cfc0 Exception <a 'sun/nio/fs/WindowsException'{0x0000000088893f28}> (0x0000000088893f28) 
thrown [s\src\hotspot\share\prims\jni.cpp, line 531]
Event: 226.553 Thread 0x000001c6c038cfc0 Exception <a 'sun/nio/fs/WindowsException'{0x0000000088894c70}> (0x0000000088894c70) 
thrown [s\src\hotspot\share\prims\jni.cpp, line 531]
Event: 226.553 Thread 0x000001c6c038cfc0 Exception <a 'sun/nio/fs/WindowsException'{0x0000000088895748}> (0x0000000088895748) 
thrown [s\src\hotspot\share\prims\jni.cpp, line 531]
Event: 226.554 Thread 0x000001c6c038cfc0 Exception <a 'sun/nio/fs/WindowsException'{0x000000008889ada0}> (0x000000008889ada0) 
thrown [s\src\hotspot\share\prims\jni.cpp, line 531]
Event: 226.554 Thread 0x000001c6c038cfc0 Exception <a 'sun/nio/fs/WindowsException'{0x000000008889b850}> (0x000000008889b850) 
thrown [s\src\hotspot\share\prims\jni.cpp, line 531]
Event: 226.554 Thread 0x000001c6c038cfc0 Exception <a 'sun/nio/fs/WindowsException'{0x000000008889c360}> (0x000000008889c360) 
thrown [s\src\hotspot\share\prims\jni.cpp, line 531]
Event: 226.555 Thread 0x000001c6c038cfc0 Exception <a 'sun/nio/fs/WindowsException'{0x00000000888a0978}> (0x00000000888a0978) 
thrown [s\src\hotspot\share\prims\jni.cpp, line 531]
Event: 426.089 Thread 0x000001c6c03883d0 Exception <a 'sun/nio/fs/WindowsException'{0x000000008b813d78}> (0x000000008b813d78) 
thrown [s\src\hotspot\share\prims\jni.cpp, line 531]
Event: 426.094 Thread 0x000001c6c03883d0 Exception <a 'sun/nio/fs/WindowsException'{0x000000008b8152e0}> (0x000000008b8152e0) 
thrown [s\src\hotspot\share\prims\jni.cpp, line 531]
Event: 426.094 Thread 0x000001c6c03883d0 Exception <a 'sun/nio/fs/WindowsException'{0x000000008b816848}> (0x000000008b816848) 
thrown [s\src\hotspot\share\prims\jni.cpp, line 531]
Event: 426.095 Thread 0x000001c6c03883d0 Exception <a 'sun/nio/fs/WindowsException'{0x000000008b817fc8}> (0x000000008b817fc8) 
thrown [s\src\hotspot\share\prims\jni.cpp, line 531]
Event: 426.620 Thread 0x000001c6c03883d0 Exception <a 'sun/nio/fs/WindowsException'{0x000000008ae4d020}> (0x000000008ae4d020) 
thrown [s\src\hotspot\share\prims\jni.cpp, line 531]
Event: 426.622 Thread 0x000001c6c03883d0 Exception <a 'sun/nio/fs/WindowsException'{0x000000008ae4d250}> (0x000000008ae4d250) 
thrown [s\src\hotspot\share\prims\jni.cpp, line 531]
Event: 426.625 Thread 0x000001c6c03883d0 Exception <a 'sun/nio/fs/WindowsException'{0x000000008ae4f990}> (0x000000008ae4f990) 
thrown [s\src\hotspot\share\prims\jni.cpp, line 531]
Event: 426.625 Thread 0x000001c6c03883d0 Exception <a 'sun/nio/fs/WindowsException'{0x000000008ae4fcb0}> (0x000000008ae4fcb0) 
thrown [s\src\hotspot\share\prims\jni.cpp, line 531]
Event: 426.679 Thread 0x000001c6c03883d0 Exception <a 'sun/nio/fs/WindowsException'{0x000000008ae57fb0}> (0x000000008ae57fb0) 
thrown [s\src\hotspot\share\prims\jni.cpp, line 531]
Event: 426.679 Thread 0x000001c6c03883d0 Exception <a 'sun/nio/fs/WindowsException'{0x000000008ae582d0}> (0x000000008ae582d0) 
thrown [s\src\hotspot\share\prims\jni.cpp, line 531]

VM Operations (20 events):
Event: 240.546 Executing VM operation: HandshakeAllThreads
Event: 240.546 Executing VM operation: HandshakeAllThreads done
Event: 257.611 Executing VM operation: G1CollectForAllocation
Event: 257.674 Executing VM operation: G1CollectForAllocation done
Event: 293.077 Executing VM operation: Cleanup
Event: 293.078 Executing VM operation: Cleanup done
Event: 303.187 Executing VM operation: Cleanup
Event: 303.187 Executing VM operation: Cleanup done
Event: 357.731 Executing VM operation: Cleanup
Event: 357.732 Executing VM operation: Cleanup done
Event: 367.834 Executing VM operation: Cleanup
Event: 367.834 Executing VM operation: Cleanup done
Event: 374.906 Executing VM operation: Cleanup
Event: 374.906 Executing VM operation: Cleanup done
Event: 375.916 Executing VM operation: Cleanup
Event: 375.916 Executing VM operation: Cleanup done
Event: 425.417 Executing VM operation: Cleanup
Event: 425.418 Executing VM operation: Cleanup done
Event: 426.428 Executing VM operation: Cleanup
Event: 426.428 Executing VM operation: Cleanup done

Events (20 events):
Event: 226.368 Thread 0x000001c6c56f8cb0 Thread exited: 0x000001c6c56f8cb0
Event: 226.381 Thread 0x000001c6c038cfc0 Thread added: 0x000001c6c038cfc0
Event: 226.381 Thread 0x000001c6c56fab10 Thread exited: 0x000001c6c56fab10
Event: 226.580 Thread 0x000001c6c56f91c0 Thread exited: 0x000001c6c56f91c0
Event: 231.581 Thread 0x000001c6c0202430 Thread exited: 0x000001c6c0202430
Event: 286.247 Thread 0x000001c6c57db2d0 Thread exited: 0x000001c6c57db2d0
Event: 286.392 Thread 0x000001c6c56f40c0 Thread exited: 0x000001c6c56f40c0
Event: 286.567 Thread 0x000001c6c038cfc0 Thread exited: 0x000001c6c038cfc0
Event: 286.582 Thread 0x000001c6c56f87a0 Thread exited: 0x000001c6c56f87a0
Event: 425.239 Thread 0x000001c6c038bb80 Thread added: 0x000001c6c038bb80
Event: 425.248 Thread 0x000001c6c0386f90 Thread added: 0x000001c6c0386f90
Event: 425.280 Thread 0x000001c6c038b670 Thread added: 0x000001c6c038b670
Event: 425.303 Thread 0x000001c6c03883d0 Thread added: 0x000001c6c03883d0
Event: 425.374 Thread 0x000001c6c038ac50 Thread added: 0x000001c6c038ac50
Event: 425.397 Thread 0x000001c6c038b160 Thread added: 0x000001c6c038b160
Event: 425.413 Thread 0x000001c6c038cfc0 Thread added: 0x000001c6c038cfc0
Event: 425.779 Thread 0x000001c6c0389300 Thread added: 0x000001c6c0389300
Event: 425.994 Thread 0x000001c6c03874a0 Thread added: 0x000001c6c03874a0
Event: 426.010 Thread 0x000001c6c038c5a0 Thread added: 0x000001c6c038c5a0
Event: 426.014 Thread 0x000001c6c038c090 Thread added: 0x000001c6c038c090


Dynamic libraries:
0x00007ff60fbf0000 - 0x00007ff60fbfa000 	D:\androidstudio\jbr\bin\java.exe
0x00007ffffe570000 - 0x00007ffffe787000 	C:\WINDOWS\SYSTEM32\ntdll.dll
0x00007ffffd610000 - 0x00007ffffd6d4000 	C:\WINDOWS\System32\KERNEL32.DLL
0x00007ffffbef0000 - 0x00007ffffc29d000 	C:\WINDOWS\System32\KERNELBASE.dll
0x00007ffffb900000 - 0x00007ffffba11000 	C:\WINDOWS\System32\ucrtbase.dll
0x00007fffd2d90000 - 0x00007fffd2da7000 	D:\androidstudio\jbr\bin\jli.dll
0x00007fffbe6c0000 - 0x00007fffbe6db000 	D:\androidstudio\jbr\bin\VCRUNTIME140.dll
0x00007ffffc320000 - 0x00007ffffc4ce000 	C:\WINDOWS\System32\USER32.dll
0x00007ffffbec0000 - 0x00007ffffbee6000 	C:\WINDOWS\System32\win32u.dll
0x00007fffc5350000 - 0x00007fffc55e3000 	C:\WINDOWS\WinSxS\amd64_microsoft.windows.common-controls_6595b64144ccf1df_6.0.22621.3672_none_2713b9d173822955\COMCTL32.dll
0x00007ffffd260000 - 0x00007ffffd289000 	C:\WINDOWS\System32\GDI32.dll
0x00007ffffc640000 - 0x00007ffffc6e7000 	C:\WINDOWS\System32\msvcrt.dll
0x00007ffffbda0000 - 0x00007ffffbeb9000 	C:\WINDOWS\System32\gdi32full.dll
0x00007ffffbb90000 - 0x00007ffffbc2a000 	C:\WINDOWS\System32\msvcp_win.dll
0x00007ffffde60000 - 0x00007ffffde91000 	C:\WINDOWS\System32\IMM32.DLL
0x00007fffd27b0000 - 0x00007fffd27bc000 	D:\androidstudio\jbr\bin\vcruntime140_1.dll
0x00007fff90350000 - 0x00007fff903dd000 	D:\androidstudio\jbr\bin\msvcp140.dll
0x00007fff7e470000 - 0x00007fff7f0f3000 	D:\androidstudio\jbr\bin\server\jvm.dll
0x00007ffffdda0000 - 0x00007ffffde52000 	C:\WINDOWS\System32\ADVAPI32.dll
0x00007ffffdcf0000 - 0x00007ffffdd99000 	C:\WINDOWS\System32\sechost.dll
0x00007ffffbb60000 - 0x00007ffffbb88000 	C:\WINDOWS\System32\bcrypt.dll
0x00007ffffd4d0000 - 0x00007ffffd5e4000 	C:\WINDOWS\System32\RPCRT4.dll
0x00007fffd5f70000 - 0x00007fffd5f79000 	C:\WINDOWS\SYSTEM32\WSOCK32.dll
0x00007ffffdf10000 - 0x00007ffffdf81000 	C:\WINDOWS\System32\WS2_32.dll
0x00007ffffb760000 - 0x00007ffffb7ad000 	C:\WINDOWS\SYSTEM32\POWRPROF.dll
0x00007ffff2f60000 - 0x00007ffff2f94000 	C:\WINDOWS\SYSTEM32\WINMM.dll
0x00007fffebbf0000 - 0x00007fffebbfa000 	C:\WINDOWS\SYSTEM32\VERSION.dll
0x00007ffffb740000 - 0x00007ffffb753000 	C:\WINDOWS\SYSTEM32\UMPDC.dll
0x00007ffffa8e0000 - 0x00007ffffa8f8000 	C:\WINDOWS\SYSTEM32\kernel.appcore.dll
0x00007ffff83b0000 - 0x00007ffff83ba000 	D:\androidstudio\jbr\bin\jimage.dll
0x00007ffff8fb0000 - 0x00007ffff91e2000 	C:\WINDOWS\SYSTEM32\DBGHELP.DLL
0x00007ffffd750000 - 0x00007ffffdade000 	C:\WINDOWS\System32\combase.dll
0x00007ffffd180000 - 0x00007ffffd257000 	C:\WINDOWS\System32\OLEAUT32.dll
0x00007fffda790000 - 0x00007fffda7c2000 	C:\WINDOWS\SYSTEM32\dbgcore.DLL
0x00007ffffbae0000 - 0x00007ffffbb5b000 	C:\WINDOWS\System32\bcryptPrimitives.dll
0x00007fffd9d70000 - 0x00007fffd9d7e000 	D:\androidstudio\jbr\bin\instrument.dll
0x00007fffa9bf0000 - 0x00007fffa9c15000 	D:\androidstudio\jbr\bin\java.dll
0x00007ffff0630000 - 0x00007ffff0648000 	D:\androidstudio\jbr\bin\zip.dll
0x00007ffffc910000 - 0x00007ffffd177000 	C:\WINDOWS\System32\SHELL32.dll
0x00007ffff9810000 - 0x00007ffffa10f000 	C:\WINDOWS\SYSTEM32\windows.storage.dll
0x00007ffff96d0000 - 0x00007ffff980f000 	C:\WINDOWS\SYSTEM32\wintypes.dll
0x00007ffffdf90000 - 0x00007ffffe089000 	C:\WINDOWS\System32\SHCORE.dll
0x00007ffffdae0000 - 0x00007ffffdb3e000 	C:\WINDOWS\System32\shlwapi.dll
0x00007ffffb7c0000 - 0x00007ffffb7e7000 	C:\WINDOWS\SYSTEM32\profapi.dll
0x00007fffdc250000 - 0x00007fffdc269000 	D:\androidstudio\jbr\bin\net.dll
0x00007ffff43b0000 - 0x00007ffff44e6000 	C:\WINDOWS\SYSTEM32\WINHTTP.dll
0x00007ffffad50000 - 0x00007ffffadb9000 	C:\WINDOWS\system32\mswsock.dll
0x00007fffdbe30000 - 0x00007fffdbe46000 	D:\androidstudio\jbr\bin\nio.dll
0x00007fffdaf40000 - 0x00007fffdaf50000 	D:\androidstudio\jbr\bin\verify.dll
0x00007fffa9330000 - 0x00007fffa9357000 	C:\Users\HP\.gradle\native\c067742578af261105cb4f569cf0c3c89f3d7b1fecec35dd04571415982c5e48\windows-amd64\native-platform.dll
0x00007fff605b0000 - 0x00007fff606f4000 	C:\Users\HP\.gradle\native\38dada09dfb8b06ba9b0570ebf7e218e3eb74d4ef43ca46872605cf95ebc2f47\windows-amd64\native-platform-file-events.dll
0x00007fffe57f0000 - 0x00007fffe57f9000 	D:\androidstudio\jbr\bin\management.dll
0x00007fffdaf50000 - 0x00007fffdaf5b000 	D:\androidstudio\jbr\bin\management_ext.dll
0x00007ffffe510000 - 0x00007ffffe518000 	C:\WINDOWS\System32\PSAPI.DLL
0x00007ffffafa0000 - 0x00007ffffafbb000 	C:\WINDOWS\SYSTEM32\CRYPTSP.dll
0x00007ffffa840000 - 0x00007ffffa875000 	C:\WINDOWS\system32\rsaenh.dll
0x00007ffffae40000 - 0x00007ffffae68000 	C:\WINDOWS\SYSTEM32\USERENV.dll
0x00007ffffafc0000 - 0x00007ffffafcc000 	C:\WINDOWS\SYSTEM32\CRYPTBASE.dll
0x00007ffffa370000 - 0x00007ffffa39d000 	C:\WINDOWS\SYSTEM32\IPHLPAPI.DLL
0x00007ffffc630000 - 0x00007ffffc639000 	C:\WINDOWS\System32\NSI.dll
0x00007ffff4390000 - 0x00007ffff43a9000 	C:\WINDOWS\SYSTEM32\dhcpcsvc6.DLL
0x00007ffff4370000 - 0x00007ffff438f000 	C:\WINDOWS\SYSTEM32\dhcpcsvc.DLL
0x00007ffffa3e0000 - 0x00007ffffa4d8000 	C:\WINDOWS\SYSTEM32\DNSAPI.dll
0x00007ffff3f50000 - 0x00007ffff3f59000 	D:\androidstudio\jbr\bin\extnet.dll
0x00007fffdb620000 - 0x00007fffdb628000 	C:\WINDOWS\system32\wshunix.dll

dbghelp: loaded successfully - version: 4.0.5 - missing functions: none
symbol engine: initialized successfully - sym options: 0x614 - pdb path: .;D:\androidstudio\jbr\bin;C:\WINDOWS\SYSTEM32;C:\WINDOWS\WinSxS\amd64_microsoft.windows.common-controls_6595b64144ccf1df_6.0.22621.3672_none_2713b9d173822955;D:\androidstudio\jbr\bin\server;C:\Users\HP\.gradle\native\c067742578af261105cb4f569cf0c3c89f3d7b1fecec35dd04571415982c5e48\windows-amd64;C:\Users\HP\.gradle\native\38dada09dfb8b06ba9b0570ebf7e218e3eb74d4ef43ca46872605cf95ebc2f47\windows-amd64

VM Arguments:
jvm_args: --add-opens=java.base/java.util=ALL-UNNAMED --add-opens=java.base/java.lang=ALL-UNNAMED --add-opens=java.base/java.lang.invoke=ALL-UNNAMED --add-opens=java.prefs/java.util.prefs=ALL-UNNAMED --add-opens=java.base/java.nio.charset=ALL-UNNAMED --add-opens=java.base/java.net=ALL-UNNAMED --add-opens=java.base/java.util.concurrent.atomic=ALL-UNNAMED -Xmx2048m -Dfile.encoding=UTF-8 -Duser.country=VN -Duser.language=vi -Duser.variant -javaagent:C:\Users\HP\.gradle\wrapper\dists\gradle-8.7-bin\bhs2wmbdwecv87pi65oeuq5iu\gradle-8.7\lib\agents\gradle-instrumentation-agent-8.7.jar 
java_command: org.gradle.launcher.daemon.bootstrap.GradleDaemon 8.7
java_class_path (initial): C:\Users\HP\.gradle\wrapper\dists\gradle-8.7-bin\bhs2wmbdwecv87pi65oeuq5iu\gradle-8.7\lib\gradle-launcher-8.7.jar
Launcher Type: SUN_STANDARD

[Global flags]
     intx CICompilerCount                          = 12                                        {product} {ergonomic}
     uint ConcGCThreads                            = 3                                         {product} {ergonomic}
     uint G1ConcRefinementThreads                  = 13                                        {product} {ergonomic}
   size_t G1HeapRegionSize                         = 1048576                                   {product} {ergonomic}
    uintx GCDrainStackTargetSize                   = 64                                        {product} {ergonomic}
   size_t InitialHeapSize                          = 130023424                                 {product} {ergonomic}
   size_t MarkStackSize                            = 4194304                                   {product} {ergonomic}
   size_t MaxHeapSize                              = 2147483648                                {product} {command line}
   size_t MaxNewSize                               = 1287651328                                {product} {ergonomic}
   size_t MinHeapDeltaBytes                        = 1048576                                   {product} {ergonomic}
   size_t MinHeapSize                              = 8388608                                   {product} {ergonomic}
    uintx NonNMethodCodeHeapSize                   = 7602480                                {pd product} {ergonomic}
    uintx NonProfiledCodeHeapSize                  = 122027880                              {pd product} {ergonomic}
    uintx ProfiledCodeHeapSize                     = 122027880                              {pd product} {ergonomic}
    uintx ReservedCodeCacheSize                    = 251658240                              {pd product} {ergonomic}
     bool SegmentedCodeCache                       = true                                      {product} {ergonomic}
   size_t SoftMaxHeapSize                          = 2147483648                             {manageable} {ergonomic}
     bool UseCompressedClassPointers               = true                           {product lp64_product} {ergonomic}
     bool UseCompressedOops                        = true                           {product lp64_product} {ergonomic}
     bool UseG1GC                                  = true                                      {product} {ergonomic}
     bool UseLargePagesIndividualAllocation        = false                                  {pd product} {ergonomic}

Logging:
Log output configuration:
 #0: stdout all=warning uptime,level,tags
 #1: stderr all=off uptime,level,tags

Environment Variables:
PATH=C:\Program Files\Eclipse Foundation\jdk-8.0.302.8-hotspot\bin;C:\Program Files\Common Files\Oracle\Java\javapath;C:\Program Files (x86)\VMware\VMware Workstation\bin\;C:\WINDOWS\system32;C:\WINDOWS;C:\WINDOWS\System32\Wbem;C:\WINDOWS\System32\WindowsPowerShell\v1.0\;C:\WINDOWS\System32\OpenSSH\;C:\Program Files\Azure Data Studio\bin;C:\Program Files (x86)\Microsoft SQL Server\160\Tools\Binn\;C:\Program Files\Microsoft SQL Server\160\Tools\Binn\;C:\Program Files\Microsoft SQL Server\Client SDK\ODBC\170\Tools\Binn\;C:\Program Files\Microsoft SQL Server\160\DTS\Binn\;C:\Program Files\Microsoft SQL Server\Client SDK\ODBC\130\Tools\Binn\;C:\Program Files (x86)\Microsoft SQL Server\140\Tools\Binn\;C:\Program Files\Microsoft SQL Server\140\Tools\Binn\;C:\Program Files\Microsoft SQL Server\140\DTS\Binn\;C:\Program Files (x86)\Microsoft SQL Server\160\DTS\Binn\;C:\Program Files\Microsoft SQL Server\130\Tools\Binn\;C:\Program Files\HP\HP One Agent;C:\Program Files\Git\cmd;C:\Users\HP\AppData\Local\Microsoft\WindowsApps;;D:\Microsoft VS Code\bin;C:\Program Files\Azure Data Studio\bin
USERNAME=HP
OS=Windows_NT
PROCESSOR_IDENTIFIER=Intel64 Family 6 Model 154 Stepping 3, GenuineIntel
TMP=C:\Users\HP\AppData\Local\Temp
TEMP=C:\Users\HP\AppData\Local\Temp



Periodic native trim disabled

JNI global refs:
JNI global refs: 34, weak refs: 0

JNI global refs memory usage: 843, weak refs: 841

Process memory usage:
Resident Set Size: 131944K (1% of 8048820K total physical memory with 48544K free physical memory)

OOME stack traces (most recent first):
Classloader memory used:
Loader org.gradle.internal.classloader.VisitableURLClassLoader                         : 4821K
Loader org.gradle.internal.classloader.VisitableURLClassLoader$InstrumentingVisitableURLClassLoader: 3813K
Loader bootstrap                                                                       : 3134K
Loader org.gradle.initialization.MixInLegacyTypesClassLoader                           : 1415K
Loader jdk.internal.reflect.DelegatingClassLoader                                      : 123K
Loader jdk.internal.loader.ClassLoaders$PlatformClassLoader                            : 69430B
Loader jdk.internal.loader.ClassLoaders$AppClassLoader                                 : 28773B
Loader org.gradle.internal.classloader.VisitableURLClassLoader                         : 19973B
Loader sun.reflect.misc.MethodUtil                                                     : 373B


[error occurred during error reporting (Classloader stats), id 0xe0000001, Out of Memory Error (s\src\hotspot\share\memory\arena.cpp:79)]


---------------  S Y S T E M  ---------------

OS:
 Windows 11 , 64 bit Build 22621 (10.0.22621.3958)
OS uptime: 5 days 0:42 hours

CPU: total 16 (initial active 16) (8 cores per cpu, 2 threads per core) family 6 model 154 stepping 3 microcode 0x42c, cx8, cmov, fxsr, ht, mmx, 3dnowpref, sse, sse2, sse3, ssse3, sse4.1, sse4.2, popcnt, lzcnt, tsc, tscinvbit, avx, avx2, aes, erms, clmul, bmi1, bmi2, adx, sha, fma, vzeroupper, clflush, clflushopt, clwb
Processor Information for processor 0
  Max Mhz: 1700, Current Mhz: 1700, Mhz Limit: 1700
Processor Information for processor 1
  Max Mhz: 1700, Current Mhz: 1700, Mhz Limit: 1700
Processor Information for processor 2
  Max Mhz: 1700, Current Mhz: 1700, Mhz Limit: 1700
Processor Information for processor 3
  Max Mhz: 1700, Current Mhz: 1700, Mhz Limit: 1700
Processor Information for processor 4
  Max Mhz: 1700, Current Mhz: 1700, Mhz Limit: 1700
Processor Information for processor 5
  Max Mhz: 1700, Current Mhz: 1700, Mhz Limit: 1700
Processor Information for processor 6
  Max Mhz: 1700, Current Mhz: 1700, Mhz Limit: 1700
Processor Information for processor 7
  Max Mhz: 1700, Current Mhz: 1700, Mhz Limit: 1700
Processor Information for processor 8
  Max Mhz: 1700, Current Mhz: 1200, Mhz Limit: 1190
Processor Information for processor 9
  Max Mhz: 1700, Current Mhz: 1200, Mhz Limit: 1190
Processor Information for processor 10
  Max Mhz: 1700, Current Mhz: 1200, Mhz Limit: 1190
Processor Information for processor 11
  Max Mhz: 1700, Current Mhz: 1200, Mhz Limit: 1190
Processor Information for processor 12
  Max Mhz: 1700, Current Mhz: 1200, Mhz Limit: 1190
Processor Information for processor 13
  Max Mhz: 1700, Current Mhz: 1200, Mhz Limit: 1190
Processor Information for processor 14
  Max Mhz: 1700, Current Mhz: 1200, Mhz Limit: 1190
Processor Information for processor 15
  Max Mhz: 1700, Current Mhz: 1200, Mhz Limit: 1190

Memory: 4k page, system-wide physical 7860M (39M free)
TotalPageFile size 19539M (AvailPageFile size 0M)
current process WorkingSet (physical memory assigned to process): 150M, peak: 434M
current process commit charge ("private bytes"): 496M, peak: 513M

vm_info: OpenJDK 64-Bit Server VM (17.0.11+0--11852314) for windows-amd64 JRE (17.0.11+0--11852314), built on May 16 2024 21:29:20 by "androidbuild" with MS VC++ 16.10 / 16.11 (VS2019)

END.
