#
# There is insufficient memory for the Java Runtime Environment to continue.
# Native memory allocation (mmap) failed to map 9437184 bytes. Error detail: G1 virtual space
# Possible reasons:
#   The system is out of physical RAM or swap space
#   This process is running with CompressedOops enabled, and the Java Heap may be blocking the growth of the native heap
# Possible solutions:
#   Reduce memory load on the system
#   Increase physical memory or swap space
#   Check if swap backing store is full
#   Decrease Java heap size (-Xmx/-Xms)
#   Decrease number of Java threads
#   Decrease Java thread stack sizes (-Xss)
#   Set larger code cache with -XX:ReservedCodeCacheSize=
#   JVM is running with Unscaled Compressed Oops mode in which the Java heap is
#     placed in the first 4GB address space. The Java Heap base address is the
#     maximum limit for the native heap growth. Please use -XX:HeapBaseMinAddress
#     to set the Java Heap base and to place the Java Heap above 4GB virtual address.
# This output file may be truncated or incomplete.
#
#  Out of Memory Error (os_windows.cpp:3825), pid=12216, tid=25444
#
# JRE version: OpenJDK Runtime Environment (17.0.11) (build 17.0.11+0--11852314)
# Java VM: OpenJDK 64-Bit Server VM (17.0.11+0--11852314, mixed mode, tiered, compressed oops, compressed class ptrs, g1 gc, windows-amd64)
# No core dump will be written. Minidumps are not enabled by default on client versions of Windows
#

---------------  S U M M A R Y ------------

Command Line: --add-opens=java.base/java.util=ALL-UNNAMED --add-opens=java.base/java.lang=ALL-UNNAMED --add-opens=java.base/java.lang.invoke=ALL-UNNAMED --add-opens=java.prefs/java.util.prefs=ALL-UNNAMED --add-opens=java.base/java.nio.charset=ALL-UNNAMED --add-opens=java.base/java.net=ALL-UNNAMED --add-opens=java.base/java.util.concurrent.atomic=ALL-UNNAMED -Xmx2048m -Dfile.encoding=UTF-8 -Duser.country=VN -Duser.language=vi -Duser.variant -javaagent:C:\Users\HP\.gradle\wrapper\dists\gradle-8.7-bin\bhs2wmbdwecv87pi65oeuq5iu\gradle-8.7\lib\agents\gradle-instrumentation-agent-8.7.jar org.gradle.launcher.daemon.bootstrap.GradleDaemon 8.7

Host: 12th Gen Intel(R) Core(TM) i5-1240P, 16 cores, 7G,  Windows 11 , 64 bit Build 22621 (10.0.22621.3958)
Time: Tue Sep 17 15:24:43 2024 SE Asia Standard Time elapsed time: 12.435185 seconds (0d 0h 0m 12s)

---------------  T H R E A D  ---------------

Current thread (0x000002052401b030):  VMThread "VM Thread" [stack: 0x000000b1a9800000,0x000000b1a9900000] [id=25444]

Stack: [0x000000b1a9800000,0x000000b1a9900000]
Native frames: (J=compiled Java code, j=interpreted, Vv=VM code, C=native code)
V  [jvm.dll+0x687bb9]
V  [jvm.dll+0x84142a]
V  [jvm.dll+0x8430ae]
V  [jvm.dll+0x843713]
V  [jvm.dll+0x24a35f]
V  [jvm.dll+0x684989]
V  [jvm.dll+0x67923a]
V  [jvm.dll+0x30af0b]
V  [jvm.dll+0x3123b6]
V  [jvm.dll+0x361dfe]
V  [jvm.dll+0x36202f]
V  [jvm.dll+0x2e0d38]
V  [jvm.dll+0x2df144]
V  [jvm.dll+0x2de74c]
V  [jvm.dll+0x32305b]
V  [jvm.dll+0x847e0b]
V  [jvm.dll+0x848b42]
V  [jvm.dll+0x84905d]
V  [jvm.dll+0x849434]
V  [jvm.dll+0x849500]
V  [jvm.dll+0x7efa4a]
V  [jvm.dll+0x686a35]
C  [ucrtbase.dll+0x29333]
C  [KERNEL32.DLL+0x1257d]
C  [ntdll.dll+0x5af28]

VM_Operation (0x000000b1aaff9390): G1CollectForAllocation, mode: safepoint, requested by thread 0x00000205250ec520


---------------  P R O C E S S  ---------------

Threads class SMR info:
_java_thread_list=0x00000205262f5e60, length=32, elements={
0x000002050336f240, 0x000002052403c010, 0x000002052401cd10, 0x000002051fc8dea0,
0x000002051fc8e970, 0x00000205240235c0, 0x0000020524023f80, 0x000002052405fac0,
0x0000020524060c60, 0x0000020524073e30, 0x00000205241a8470, 0x0000020524371340,
0x00000205257ec190, 0x0000020525402c30, 0x0000020525b0a190, 0x00000205259b7870,
0x0000020525babf00, 0x0000020525cda060, 0x00000205250ec520, 0x00000205250586b0,
0x0000020525058b90, 0x000002052505fa50, 0x0000020524692a80, 0x0000020524692f90,
0x00000205246934a0, 0x0000020524692060, 0x0000020524695810, 0x00000205246939b0,
0x0000020524693ec0, 0x0000020524694df0, 0x0000020524695300, 0x00000205271ef230
}

Java Threads: ( => current thread )
  0x000002050336f240 JavaThread "main" [_thread_blocked, id=11284, stack(0x000000b1a9200000,0x000000b1a9300000)]
  0x000002052403c010 JavaThread "Reference Handler" daemon [_thread_blocked, id=16668, stack(0x000000b1a9900000,0x000000b1a9a00000)]
  0x000002052401cd10 JavaThread "Finalizer" daemon [_thread_blocked, id=17036, stack(0x000000b1a9a00000,0x000000b1a9b00000)]
  0x000002051fc8dea0 JavaThread "Signal Dispatcher" daemon [_thread_blocked, id=28996, stack(0x000000b1a9b00000,0x000000b1a9c00000)]
  0x000002051fc8e970 JavaThread "Attach Listener" daemon [_thread_blocked, id=14600, stack(0x000000b1a9c00000,0x000000b1a9d00000)]
  0x00000205240235c0 JavaThread "Service Thread" daemon [_thread_blocked, id=22272, stack(0x000000b1a9d00000,0x000000b1a9e00000)]
  0x0000020524023f80 JavaThread "Monitor Deflation Thread" daemon [_thread_blocked, id=21340, stack(0x000000b1a9e00000,0x000000b1a9f00000)]
  0x000002052405fac0 JavaThread "C2 CompilerThread0" daemon [_thread_blocked, id=21744, stack(0x000000b1a9f00000,0x000000b1aa000000)]
  0x0000020524060c60 JavaThread "C1 CompilerThread0" daemon [_thread_blocked, id=24520, stack(0x000000b1aa000000,0x000000b1aa100000)]
  0x0000020524073e30 JavaThread "Sweeper thread" daemon [_thread_blocked, id=15868, stack(0x000000b1aa100000,0x000000b1aa200000)]
  0x00000205241a8470 JavaThread "Common-Cleaner" daemon [_thread_blocked, id=11148, stack(0x000000b1aa200000,0x000000b1aa300000)]
  0x0000020524371340 JavaThread "Notification Thread" daemon [_thread_blocked, id=10860, stack(0x000000b1aa300000,0x000000b1aa400000)]
  0x00000205257ec190 JavaThread "Daemon health stats" [_thread_blocked, id=13400, stack(0x000000b1aa900000,0x000000b1aaa00000)]
  0x0000020525402c30 JavaThread "Incoming local TCP Connector on port 57270" [_thread_in_native, id=27832, stack(0x000000b1aaa00000,0x000000b1aab00000)]
  0x0000020525b0a190 JavaThread "Daemon periodic checks" [_thread_blocked, id=27456, stack(0x000000b1aab00000,0x000000b1aac00000)]
  0x00000205259b7870 JavaThread "Daemon" [_thread_blocked, id=29412, stack(0x000000b1aac00000,0x000000b1aad00000)]
  0x0000020525babf00 JavaThread "Handler for socket connection from /127.0.0.1:57270 to /127.0.0.1:57272" [_thread_in_native, id=10236, stack(0x000000b1aad00000,0x000000b1aae00000)]
  0x0000020525cda060 JavaThread "Cancel handler" [_thread_blocked, id=10076, stack(0x000000b1aae00000,0x000000b1aaf00000)]
  0x00000205250ec520 JavaThread "Daemon worker" [_thread_blocked, id=6740, stack(0x000000b1aaf00000,0x000000b1ab000000)]
  0x00000205250586b0 JavaThread "Asynchronous log dispatcher for DefaultDaemonConnection: socket connection from /127.0.0.1:57270 to /127.0.0.1:57272" [_thread_blocked, id=25008, stack(0x000000b1ab000000,0x000000b1ab100000)]
  0x0000020525058b90 JavaThread "Stdin handler" [_thread_blocked, id=26360, stack(0x000000b1ab100000,0x000000b1ab200000)]
  0x000002052505fa50 JavaThread "Daemon client event forwarder" [_thread_blocked, id=26576, stack(0x000000b1ab200000,0x000000b1ab300000)]
  0x0000020524692a80 JavaThread "Cache worker for journal cache (C:\Users\HP\.gradle\caches\journal-1)" [_thread_blocked, id=3184, stack(0x000000b1abd00000,0x000000b1abe00000)]
  0x0000020524692f90 JavaThread "File lock request listener" [_thread_in_native, id=19812, stack(0x000000b1abe00000,0x000000b1abf00000)]
  0x00000205246934a0 JavaThread "Cache worker for file hash cache (C:\Users\HP\.gradle\caches\8.7\fileHashes)" [_thread_blocked, id=10064, stack(0x000000b1abf00000,0x000000b1ac000000)]
  0x0000020524692060 JavaThread "Cache worker for file hash cache (E:\Android\Login\.gradle\8.7\fileHashes)" [_thread_blocked, id=12980, stack(0x000000b1ac000000,0x000000b1ac100000)]
  0x0000020524695810 JavaThread "File watcher server" daemon [_thread_in_native, id=18428, stack(0x000000b1ac100000,0x000000b1ac200000)]
  0x00000205246939b0 JavaThread "File watcher consumer" daemon [_thread_blocked, id=2376, stack(0x000000b1ac200000,0x000000b1ac300000)]
  0x0000020524693ec0 JavaThread "Cache worker for checksums cache (E:\Android\Login\.gradle\8.7\checksums)" [_thread_blocked, id=19668, stack(0x000000b1ac300000,0x000000b1ac400000)]
  0x0000020524694df0 JavaThread "Cache worker for cache directory md-supplier (C:\Users\HP\.gradle\caches\8.7\md-supplier)" [_thread_blocked, id=24524, stack(0x000000b1ac400000,0x000000b1ac500000)]
  0x0000020524695300 JavaThread "Cache worker for cache directory md-rule (C:\Users\HP\.gradle\caches\8.7\md-rule)" [_thread_blocked, id=24080, stack(0x000000b1ac500000,0x000000b1ac600000)]
  0x00000205271ef230 JavaThread "Cache worker for file content cache (C:\Users\HP\.gradle\caches\8.7\fileContent)" [_thread_blocked, id=12388, stack(0x000000b1ac600000,0x000000b1ac700000)]

Other Threads:
=>0x000002052401b030 VMThread "VM Thread" [stack: 0x000000b1a9800000,0x000000b1a9900000] [id=25444]
  0x000002050336fed0 WatcherThread [stack: 0x000000b1aa400000,0x000000b1aa500000] [id=3224]
  0x00000205033cc0c0 GCTaskThread "GC Thread#0" [stack: 0x000000b1a9300000,0x000000b1a9400000] [id=6424]
  0x0000020524b78a50 GCTaskThread "GC Thread#1" [stack: 0x000000b1aa500000,0x000000b1aa600000] [id=27108]
  0x000002052502f610 GCTaskThread "GC Thread#2" [stack: 0x000000b1aa600000,0x000000b1aa700000] [id=27964]
  0x000002052502f8d0 GCTaskThread "GC Thread#3" [stack: 0x000000b1aa700000,0x000000b1aa800000] [id=13540]
  0x0000020524f3dc70 GCTaskThread "GC Thread#4" [stack: 0x000000b1aa800000,0x000000b1aa900000] [id=6228]
  0x0000020525066770 GCTaskThread "GC Thread#5" [stack: 0x000000b1ab300000,0x000000b1ab400000] [id=14188]
  0x000002052459c160 GCTaskThread "GC Thread#6" [stack: 0x000000b1ab400000,0x000000b1ab500000] [id=832]
  0x000002052581ac90 GCTaskThread "GC Thread#7" [stack: 0x000000b1ab500000,0x000000b1ab600000] [id=24804]
  0x0000020525cf8830 GCTaskThread "GC Thread#8" [stack: 0x000000b1ab600000,0x000000b1ab700000] [id=21176]
  0x0000020524597540 GCTaskThread "GC Thread#9" [stack: 0x000000b1ab700000,0x000000b1ab800000] [id=12368]
  0x00000205250c6aa0 GCTaskThread "GC Thread#10" [stack: 0x000000b1ab800000,0x000000b1ab900000] [id=25180]
  0x00000205250c7b20 GCTaskThread "GC Thread#11" [stack: 0x000000b1ab900000,0x000000b1aba00000] [id=5540]
  0x00000205250c6260 GCTaskThread "GC Thread#12" [stack: 0x000000b1aba00000,0x000000b1abb00000] [id=26644]
  0x00000205033dd010 ConcurrentGCThread "G1 Main Marker" [stack: 0x000000b1a9400000,0x000000b1a9500000] [id=25872]
  0x00000205033de1d0 ConcurrentGCThread "G1 Conc#0" [stack: 0x000000b1a9500000,0x000000b1a9600000] [id=23632]
  0x00000205250c6520 ConcurrentGCThread "G1 Conc#1" [stack: 0x000000b1abb00000,0x000000b1abc00000] [id=10480]
  0x00000205250c7860 ConcurrentGCThread "G1 Conc#2" [stack: 0x000000b1abc00000,0x000000b1abd00000] [id=24288]
  0x000002051faf06f0 ConcurrentGCThread "G1 Refine#0" [stack: 0x000000b1a9600000,0x000000b1a9700000] [id=15800]
  0x000002051faf1120 ConcurrentGCThread "G1 Service" [stack: 0x000000b1a9700000,0x000000b1a9800000] [id=5452]

Threads with active compile tasks:
C2 CompilerThread0    12493 4134       4       jdk.internal.org.objectweb.asm.SymbolTable::addConstantMemberReference (147 bytes)
C1 CompilerThread0    12493 4202       3       org.gradle.internal.instantiation.generator.AbstractClassGenerator$PropertyMetadata::<init> (65 bytes)

VM state: at safepoint (normal execution)

VM Mutex/Monitor currently owned by a thread:  ([mutex/lock_event])
[0x0000020503369b70] Threads_lock - owner thread: 0x000002052401b030
[0x0000020503369db0] Heap_lock - owner thread: 0x00000205250ec520

Heap address: 0x0000000080000000, size: 2048 MB, Compressed Oops mode: 32-bit

CDS archive(s) not mapped
Compressed class space mapped at: 0x0000000100000000-0x0000000140000000, reserved size: 1073741824
Narrow klass base: 0x0000000000000000, Narrow klass shift: 3, Narrow klass range: 0x140000000

GC Precious Log:
 CPUs: 16 total, 16 available
 Memory: 7860M
 Large Page Support: Disabled
 NUMA Support: Disabled
 Compressed Oops: Enabled (32-bit)
 Heap Region Size: 1M
 Heap Min Capacity: 8M
 Heap Initial Capacity: 124M
 Heap Max Capacity: 2G
 Pre-touch: Disabled
 Parallel Workers: 13
 Concurrent Workers: 3
 Concurrent Refinement Workers: 13
 Periodic GC: Disabled

Heap:
 garbage-first heap   total 76800K, used 31871K [0x0000000080000000, 0x0000000100000000)
  region size 1024K, 4 young (4096K), 4 survivors (4096K)
 Metaspace       used 45476K, committed 45952K, reserved 1114112K
  class space    used 6144K, committed 6400K, reserved 1048576K

Heap Regions: E=young(eden), S=young(survivor), O=old, HS=humongous(starts), HC=humongous(continues), CS=collection set, F=free, OA=open archive, CA=closed archive, TAMS=top-at-mark-start (previous, next)
|   0|0x0000000080000000, 0x0000000080100000, 0x0000000080100000|100%|HS|  |TAMS 0x0000000080100000, 0x0000000080000000| Complete 
|   1|0x0000000080100000, 0x0000000080200000, 0x0000000080200000|100%|HC|  |TAMS 0x0000000080200000, 0x0000000080100000| Complete 
|   2|0x0000000080200000, 0x0000000080300000, 0x0000000080300000|100%|HC|  |TAMS 0x0000000080300000, 0x0000000080200000| Complete 
|   3|0x0000000080300000, 0x0000000080400000, 0x0000000080400000|100%|HC|  |TAMS 0x0000000080400000, 0x0000000080300000| Complete 
|   4|0x0000000080400000, 0x0000000080500000, 0x0000000080500000|100%| O|  |TAMS 0x0000000080500000, 0x0000000080400000| Untracked 
|   5|0x0000000080500000, 0x0000000080600000, 0x0000000080600000|100%| O|  |TAMS 0x0000000080600000, 0x0000000080500000| Untracked 
|   6|0x0000000080600000, 0x0000000080700000, 0x0000000080700000|100%| O|  |TAMS 0x0000000080700000, 0x0000000080600000| Untracked 
|   7|0x0000000080700000, 0x0000000080800000, 0x0000000080800000|100%| O|  |TAMS 0x0000000080800000, 0x0000000080700000| Untracked 
|   8|0x0000000080800000, 0x0000000080900000, 0x0000000080900000|100%| O|  |TAMS 0x0000000080900000, 0x0000000080800000| Untracked 
|   9|0x0000000080900000, 0x0000000080a00000, 0x0000000080a00000|100%| O|  |TAMS 0x0000000080a00000, 0x0000000080900000| Untracked 
|  10|0x0000000080a00000, 0x0000000080a5b200, 0x0000000080b00000| 35%| O|  |TAMS 0x0000000080a5b200, 0x0000000080a00000| Untracked 
|  11|0x0000000080b00000, 0x0000000080c00000, 0x0000000080c00000|100%| O|  |TAMS 0x0000000080c00000, 0x0000000080b00000| Untracked 
|  12|0x0000000080c00000, 0x0000000080d00000, 0x0000000080d00000|100%| O|  |TAMS 0x0000000080d00000, 0x0000000080c00000| Untracked 
|  13|0x0000000080d00000, 0x0000000080e00000, 0x0000000080e00000|100%| O|  |TAMS 0x0000000080e00000, 0x0000000080d00000| Untracked 
|  14|0x0000000080e00000, 0x0000000080f00000, 0x0000000080f00000|100%| O|  |TAMS 0x0000000080f00000, 0x0000000080e00000| Untracked 
|  15|0x0000000080f00000, 0x0000000081000000, 0x0000000081000000|100%| O|  |TAMS 0x0000000081000000, 0x0000000080f00000| Untracked 
|  16|0x0000000081000000, 0x0000000081100000, 0x0000000081100000|100%| O|  |TAMS 0x0000000081100000, 0x0000000081000000| Untracked 
|  17|0x0000000081100000, 0x0000000081200000, 0x0000000081200000|100%| O|  |TAMS 0x0000000081200000, 0x0000000081100000| Untracked 
|  18|0x0000000081200000, 0x0000000081300000, 0x0000000081300000|100%| O|  |TAMS 0x0000000081300000, 0x0000000081200000| Untracked 
|  19|0x0000000081300000, 0x0000000081400000, 0x0000000081400000|100%| O|  |TAMS 0x0000000081400000, 0x0000000081300000| Untracked 
|  20|0x0000000081400000, 0x0000000081500000, 0x0000000081500000|100%| O|  |TAMS 0x00000000814b7c00, 0x0000000081400000| Untracked 
|  21|0x0000000081500000, 0x0000000081600000, 0x0000000081600000|100%| O|  |TAMS 0x0000000081500000, 0x0000000081500000| Untracked 
|  22|0x0000000081600000, 0x0000000081700000, 0x0000000081700000|100%| O|  |TAMS 0x0000000081600000, 0x0000000081600000| Untracked 
|  23|0x0000000081700000, 0x0000000081800000, 0x0000000081800000|100%| O|  |TAMS 0x0000000081700000, 0x0000000081700000| Untracked 
|  24|0x0000000081800000, 0x0000000081900000, 0x0000000081900000|100%| O|  |TAMS 0x0000000081800000, 0x0000000081800000| Untracked 
|  25|0x0000000081900000, 0x0000000081a00000, 0x0000000081a00000|100%| O|  |TAMS 0x0000000081900000, 0x0000000081900000| Untracked 
|  26|0x0000000081a00000, 0x0000000081b00000, 0x0000000081b00000|100%| O|  |TAMS 0x0000000081a00000, 0x0000000081a00000| Untracked 
|  27|0x0000000081b00000, 0x0000000081bfe200, 0x0000000081c00000| 99%| O|  |TAMS 0x0000000081b00000, 0x0000000081b00000| Untracked 
|  28|0x0000000081c00000, 0x0000000081c00000, 0x0000000081d00000|  0%| F|  |TAMS 0x0000000081c00000, 0x0000000081c00000| Untracked 
|  29|0x0000000081d00000, 0x0000000081d00000, 0x0000000081e00000|  0%| F|  |TAMS 0x0000000081d00000, 0x0000000081d00000| Untracked 
|  30|0x0000000081e00000, 0x0000000081e00000, 0x0000000081f00000|  0%| F|  |TAMS 0x0000000081e00000, 0x0000000081e00000| Untracked 
|  31|0x0000000081f00000, 0x0000000081f00000, 0x0000000082000000|  0%| F|  |TAMS 0x0000000081f00000, 0x0000000081f00000| Untracked 
|  32|0x0000000082000000, 0x0000000082000000, 0x0000000082100000|  0%| F|  |TAMS 0x0000000082000000, 0x0000000082000000| Untracked 
|  33|0x0000000082100000, 0x0000000082100000, 0x0000000082200000|  0%| F|  |TAMS 0x0000000082100000, 0x0000000082100000| Untracked 
|  34|0x0000000082200000, 0x0000000082200000, 0x0000000082300000|  0%| F|  |TAMS 0x0000000082200000, 0x0000000082200000| Untracked 
|  35|0x0000000082300000, 0x0000000082300000, 0x0000000082400000|  0%| F|  |TAMS 0x0000000082300000, 0x0000000082300000| Untracked 
|  36|0x0000000082400000, 0x0000000082400000, 0x0000000082500000|  0%| F|  |TAMS 0x0000000082400000, 0x0000000082400000| Untracked 
|  37|0x0000000082500000, 0x0000000082500000, 0x0000000082600000|  0%| F|  |TAMS 0x0000000082500000, 0x0000000082500000| Untracked 
|  38|0x0000000082600000, 0x0000000082600000, 0x0000000082700000|  0%| F|  |TAMS 0x0000000082600000, 0x0000000082600000| Untracked 
|  39|0x0000000082700000, 0x00000000827c69c0, 0x0000000082800000| 77%| S|CS|TAMS 0x0000000082700000, 0x0000000082700000| Complete 
|  40|0x0000000082800000, 0x0000000082900000, 0x0000000082900000|100%| S|CS|TAMS 0x0000000082800000, 0x0000000082800000| Complete 
|  41|0x0000000082900000, 0x0000000082a00000, 0x0000000082a00000|100%| S|CS|TAMS 0x0000000082900000, 0x0000000082900000| Complete 
|  42|0x0000000082a00000, 0x0000000082a00000, 0x0000000082b00000|  0%| F|  |TAMS 0x0000000082a00000, 0x0000000082a00000| Untracked 
|  43|0x0000000082b00000, 0x0000000082b00000, 0x0000000082c00000|  0%| F|  |TAMS 0x0000000082b00000, 0x0000000082b00000| Untracked 
|  44|0x0000000082c00000, 0x0000000082d00000, 0x0000000082d00000|100%| S|CS|TAMS 0x0000000082c00000, 0x0000000082c00000| Complete 
|  45|0x0000000082d00000, 0x0000000082d00000, 0x0000000082e00000|  0%| F|  |TAMS 0x0000000082d00000, 0x0000000082d00000| Untracked 
|  46|0x0000000082e00000, 0x0000000082e00000, 0x0000000082f00000|  0%| F|  |TAMS 0x0000000082e00000, 0x0000000082e00000| Untracked 
|  47|0x0000000082f00000, 0x0000000082f00000, 0x0000000083000000|  0%| F|  |TAMS 0x0000000082f00000, 0x0000000082f00000| Untracked 
|  48|0x0000000083000000, 0x0000000083000000, 0x0000000083100000|  0%| F|  |TAMS 0x0000000083000000, 0x0000000083000000| Untracked 
|  49|0x0000000083100000, 0x0000000083100000, 0x0000000083200000|  0%| F|  |TAMS 0x0000000083100000, 0x0000000083100000| Untracked 
|  50|0x0000000083200000, 0x0000000083200000, 0x0000000083300000|  0%| F|  |TAMS 0x0000000083200000, 0x0000000083200000| Untracked 
|  51|0x0000000083300000, 0x0000000083300000, 0x0000000083400000|  0%| F|  |TAMS 0x0000000083300000, 0x0000000083300000| Untracked 
|  52|0x0000000083400000, 0x0000000083400000, 0x0000000083500000|  0%| F|  |TAMS 0x0000000083400000, 0x0000000083400000| Untracked 
|  53|0x0000000083500000, 0x0000000083500000, 0x0000000083600000|  0%| F|  |TAMS 0x0000000083500000, 0x0000000083500000| Untracked 
|  54|0x0000000083600000, 0x0000000083600000, 0x0000000083700000|  0%| F|  |TAMS 0x0000000083600000, 0x0000000083600000| Untracked 
|  55|0x0000000083700000, 0x0000000083700000, 0x0000000083800000|  0%| F|  |TAMS 0x0000000083700000, 0x0000000083700000| Untracked 
|  56|0x0000000083800000, 0x0000000083800000, 0x0000000083900000|  0%| F|  |TAMS 0x0000000083800000, 0x0000000083800000| Untracked 
|  57|0x0000000083900000, 0x0000000083900000, 0x0000000083a00000|  0%| F|  |TAMS 0x0000000083900000, 0x0000000083900000| Untracked 
|  58|0x0000000083a00000, 0x0000000083a00000, 0x0000000083b00000|  0%| F|  |TAMS 0x0000000083a00000, 0x0000000083a00000| Untracked 
|  59|0x0000000083b00000, 0x0000000083b00000, 0x0000000083c00000|  0%| F|  |TAMS 0x0000000083b00000, 0x0000000083b00000| Untracked 
|  60|0x0000000083c00000, 0x0000000083c00000, 0x0000000083d00000|  0%| F|  |TAMS 0x0000000083c00000, 0x0000000083c00000| Untracked 
|  61|0x0000000083d00000, 0x0000000083d00000, 0x0000000083e00000|  0%| F|  |TAMS 0x0000000083d00000, 0x0000000083d00000| Untracked 
|  62|0x0000000083e00000, 0x0000000083e00000, 0x0000000083f00000|  0%| F|  |TAMS 0x0000000083e00000, 0x0000000083e00000| Untracked 
|  63|0x0000000083f00000, 0x0000000083f00000, 0x0000000084000000|  0%| F|  |TAMS 0x0000000083f00000, 0x0000000083f00000| Untracked 
|  64|0x0000000084000000, 0x0000000084000000, 0x0000000084100000|  0%| F|  |TAMS 0x0000000084000000, 0x0000000084000000| Untracked 
|  65|0x0000000084100000, 0x0000000084100000, 0x0000000084200000|  0%| F|  |TAMS 0x0000000084100000, 0x0000000084100000| Untracked 
|  66|0x0000000084200000, 0x0000000084200000, 0x0000000084300000|  0%| F|  |TAMS 0x0000000084200000, 0x0000000084200000| Untracked 
|  67|0x0000000084300000, 0x0000000084300000, 0x0000000084400000|  0%| F|  |TAMS 0x0000000084300000, 0x0000000084300000| Untracked 
|  68|0x0000000084400000, 0x0000000084400000, 0x0000000084500000|  0%| F|  |TAMS 0x0000000084400000, 0x0000000084400000| Untracked 
|  69|0x0000000084500000, 0x0000000084500000, 0x0000000084600000|  0%| F|  |TAMS 0x0000000084500000, 0x0000000084500000| Untracked 
|  70|0x0000000084600000, 0x0000000084600000, 0x0000000084700000|  0%| F|  |TAMS 0x0000000084600000, 0x0000000084600000| Untracked 
|  71|0x0000000084700000, 0x0000000084700000, 0x0000000084800000|  0%| F|  |TAMS 0x0000000084700000, 0x0000000084700000| Untracked 
|  72|0x0000000084800000, 0x0000000084800000, 0x0000000084900000|  0%| F|  |TAMS 0x0000000084800000, 0x0000000084800000| Untracked 
|  73|0x0000000084900000, 0x0000000084900000, 0x0000000084a00000|  0%| F|  |TAMS 0x0000000084900000, 0x0000000084900000| Untracked 
| 123|0x0000000087b00000, 0x0000000087b00000, 0x0000000087c00000|  0%| F|  |TAMS 0x0000000087b00000, 0x0000000087b00000| Untracked 

Card table byte_map: [0x00000205183e0000,0x00000205187e0000] _byte_map_base: 0x0000020517fe0000

Marking Bits (Prev, Next): (CMBitMap*) 0x00000205033cc6e0, (CMBitMap*) 0x00000205033cc720
 Prev Bits: [0x0000020518be0000, 0x000002051abe0000)
 Next Bits: [0x000002051abe0000, 0x000002051cbe0000)

Polling page: 0x0000020507ff0000

Metaspace:

Usage:
  Non-class:     38.41 MB used.
      Class:      6.00 MB used.
       Both:     44.41 MB used.

Virtual space:
  Non-class space:       64.00 MB reserved,      38.62 MB ( 60%) committed,  1 nodes.
      Class space:        1.00 GB reserved,       6.25 MB ( <1%) committed,  1 nodes.
             Both:        1.06 GB reserved,      44.88 MB (  4%) committed. 

Chunk freelists:
   Non-Class:  9.09 MB
       Class:  9.74 MB
        Both:  18.83 MB

MaxMetaspaceSize: unlimited
CompressedClassSpaceSize: 1.00 GB
Initial GC threshold: 21.00 MB
Current GC threshold: 59.00 MB
CDS: off
MetaspaceReclaimPolicy: balanced
 - commit_granule_bytes: 65536.
 - commit_granule_words: 8192.
 - virtual_space_node_default_size: 8388608.
 - enlarge_chunks_in_place: 1.
 - new_chunks_are_fully_committed: 0.
 - uncommit_free_chunks: 1.
 - use_allocation_guard: 0.
 - handle_deallocations: 1.


Internal statistics:

num_allocs_failed_limit: 6.
num_arena_births: 450.
num_arena_deaths: 0.
num_vsnodes_births: 2.
num_vsnodes_deaths: 0.
num_space_committed: 718.
num_space_uncommitted: 0.
num_chunks_returned_to_freelist: 6.
num_chunks_taken_from_freelist: 1819.
num_chunk_merges: 3.
num_chunk_splits: 1190.
num_chunks_enlarged: 819.
num_inconsistent_stats: 0.

CodeHeap 'non-profiled nmethods': size=119168Kb used=2217Kb max_used=2217Kb free=116951Kb
 bounds [0x000002050fbb0000, 0x000002050fe20000, 0x0000020517010000]
CodeHeap 'profiled nmethods': size=119104Kb used=8783Kb max_used=8783Kb free=110321Kb
 bounds [0x0000020508010000, 0x00000205088b0000, 0x000002050f460000]
CodeHeap 'non-nmethods': size=7488Kb used=1597Kb max_used=1635Kb free=5890Kb
 bounds [0x000002050f460000, 0x000002050f6d0000, 0x000002050fbb0000]
 total_blobs=4824 nmethods=4160 adapters=576
 compilation: enabled
              stopped_count=0, restarted_count=0
 full_count=0

Compilation events (20 events):
Event: 12.404 Thread 0x0000020524060c60 nmethod 4191 0x000002050889ea90 code [0x000002050889ecc0, 0x000002050889f718]
Event: 12.404 Thread 0x0000020524060c60 4192       3       org.gradle.internal.instantiation.generator.AbstractClassGenerator$MethodMetadata::isAbstract (11 bytes)
Event: 12.404 Thread 0x0000020524060c60 nmethod 4192 0x000002050889f910 code [0x000002050889fac0, 0x000002050889fcb8]
Event: 12.405 Thread 0x000002052405fac0 nmethod 4124 0x000002050fdcce10 code [0x000002050fdce120, 0x000002050fdd5728]
Event: 12.405 Thread 0x000002052405fac0 4134       4       jdk.internal.org.objectweb.asm.SymbolTable::addConstantMemberReference (147 bytes)
Event: 12.418 Thread 0x0000020524060c60 4193       3       java.lang.Class::getDeclaredFields (27 bytes)
Event: 12.418 Thread 0x0000020524060c60 nmethod 4193 0x000002050889fd90 code [0x000002050889ff80, 0x00000205088a0298]
Event: 12.420 Thread 0x0000020524060c60 4194       3       org.gradle.internal.reflect.MutableClassDetails::superType (12 bytes)
Event: 12.420 Thread 0x0000020524060c60 nmethod 4194 0x00000205088a0410 code [0x00000205088a05c0, 0x00000205088a0788]
Event: 12.420 Thread 0x0000020524060c60 4195       3       sun.reflect.generics.repository.GenericDeclRepository::getTypeParameters (27 bytes)
Event: 12.420 Thread 0x0000020524060c60 nmethod 4195 0x00000205088a0890 code [0x00000205088a0a60, 0x00000205088a0e18]
Event: 12.420 Thread 0x0000020524060c60 4197       3       com.google.common.reflect.TypeResolver$TypeVariableKey::equalsTypeVariable (48 bytes)
Event: 12.421 Thread 0x0000020524060c60 nmethod 4197 0x00000205088a0f10 code [0x00000205088a1100, 0x00000205088a16b8]
Event: 12.421 Thread 0x0000020524060c60 4201       3       com.google.common.collect.ImmutableMapEntry$NonTerminalImmutableMapEntry::<init> (12 bytes)
Event: 12.421 Thread 0x0000020524060c60 nmethod 4201 0x00000205088a1890 code [0x00000205088a1a60, 0x00000205088a1e48]
Event: 12.421 Thread 0x0000020524060c60 4196       3       sun.reflect.generics.parser.SignatureParser::parseTypeArguments (109 bytes)
Event: 12.422 Thread 0x0000020524060c60 nmethod 4196 0x00000205088a2010 code [0x00000205088a22c0, 0x00000205088a2fc8]
Event: 12.422 Thread 0x0000020524060c60 4200       3       com.google.common.base.Preconditions::checkArgument (25 bytes)
Event: 12.422 Thread 0x0000020524060c60 nmethod 4200 0x00000205088a3490 code [0x00000205088a3660, 0x00000205088a3a78]
Event: 12.422 Thread 0x0000020524060c60 4202       3       org.gradle.internal.instantiation.generator.AbstractClassGenerator$PropertyMetadata::<init> (65 bytes)

GC Heap History (19 events):
Event: 1.122 GC heap before
{Heap before GC invocations=0 (full 0):
 garbage-first heap   total 126976K, used 26624K [0x0000000080000000, 0x0000000100000000)
  region size 1024K, 23 young (23552K), 0 survivors (0K)
 Metaspace       used 10463K, committed 10560K, reserved 1114112K
  class space    used 1083K, committed 1152K, reserved 1048576K
}
Event: 1.128 GC heap after
{Heap after GC invocations=1 (full 0):
 garbage-first heap   total 126976K, used 10448K [0x0000000080000000, 0x0000000100000000)
  region size 1024K, 3 young (3072K), 3 survivors (3072K)
 Metaspace       used 10463K, committed 10560K, reserved 1114112K
  class space    used 1083K, committed 1152K, reserved 1048576K
}
Event: 1.679 GC heap before
{Heap before GC invocations=1 (full 0):
 garbage-first heap   total 126976K, used 38096K [0x0000000080000000, 0x0000000100000000)
  region size 1024K, 30 young (30720K), 3 survivors (3072K)
 Metaspace       used 11514K, committed 11712K, reserved 1114112K
  class space    used 1199K, committed 1280K, reserved 1048576K
}
Event: 1.684 GC heap after
{Heap after GC invocations=2 (full 0):
 garbage-first heap   total 126976K, used 11528K [0x0000000080000000, 0x0000000100000000)
  region size 1024K, 1 young (1024K), 1 survivors (1024K)
 Metaspace       used 11514K, committed 11712K, reserved 1114112K
  class space    used 1199K, committed 1280K, reserved 1048576K
}
Event: 6.572 GC heap before
{Heap before GC invocations=2 (full 0):
 garbage-first heap   total 126976K, used 61704K [0x0000000080000000, 0x0000000100000000)
  region size 1024K, 50 young (51200K), 1 survivors (1024K)
 Metaspace       used 21242K, committed 21504K, reserved 1114112K
  class space    used 2488K, committed 2624K, reserved 1048576K
}
Event: 6.716 GC heap after
{Heap after GC invocations=3 (full 0):
 garbage-first heap   total 126976K, used 19082K [0x0000000080000000, 0x0000000100000000)
  region size 1024K, 9 young (9216K), 9 survivors (9216K)
 Metaspace       used 21242K, committed 21504K, reserved 1114112K
  class space    used 2488K, committed 2624K, reserved 1048576K
}
Event: 8.177 GC heap before
{Heap before GC invocations=4 (full 0):
 garbage-first heap   total 71680K, used 51850K [0x0000000080000000, 0x0000000100000000)
  region size 1024K, 42 young (43008K), 9 survivors (9216K)
 Metaspace       used 26486K, committed 26688K, reserved 1114112K
  class space    used 3361K, committed 3456K, reserved 1048576K
}
Event: 8.192 GC heap after
{Heap after GC invocations=5 (full 0):
 garbage-first heap   total 71680K, used 20902K [0x0000000080000000, 0x0000000100000000)
  region size 1024K, 2 young (2048K), 2 survivors (2048K)
 Metaspace       used 26486K, committed 26688K, reserved 1114112K
  class space    used 3361K, committed 3456K, reserved 1048576K
}
Event: 9.074 GC heap before
{Heap before GC invocations=5 (full 0):
 garbage-first heap   total 71680K, used 49574K [0x0000000080000000, 0x0000000100000000)
  region size 1024K, 30 young (30720K), 2 survivors (2048K)
 Metaspace       used 30292K, committed 30656K, reserved 1114112K
  class space    used 3997K, committed 4160K, reserved 1048576K
}
Event: 9.079 GC heap after
{Heap after GC invocations=6 (full 0):
 garbage-first heap   total 71680K, used 22391K [0x0000000080000000, 0x0000000100000000)
  region size 1024K, 4 young (4096K), 4 survivors (4096K)
 Metaspace       used 30292K, committed 30656K, reserved 1114112K
  class space    used 3997K, committed 4160K, reserved 1048576K
}
Event: 10.233 GC heap before
{Heap before GC invocations=6 (full 0):
 garbage-first heap   total 71680K, used 51063K [0x0000000080000000, 0x0000000100000000)
  region size 1024K, 32 young (32768K), 4 survivors (4096K)
 Metaspace       used 33855K, committed 34176K, reserved 1114112K
  class space    used 4584K, committed 4736K, reserved 1048576K
}
Event: 10.239 GC heap after
{Heap after GC invocations=7 (full 0):
 garbage-first heap   total 71680K, used 23806K [0x0000000080000000, 0x0000000100000000)
  region size 1024K, 4 young (4096K), 4 survivors (4096K)
 Metaspace       used 33855K, committed 34176K, reserved 1114112K
  class space    used 4584K, committed 4736K, reserved 1048576K
}
Event: 10.538 GC heap before
{Heap before GC invocations=7 (full 0):
 garbage-first heap   total 71680K, used 35070K [0x0000000080000000, 0x0000000100000000)
  region size 1024K, 17 young (17408K), 4 survivors (4096K)
 Metaspace       used 35667K, committed 35968K, reserved 1114112K
  class space    used 4854K, committed 4992K, reserved 1048576K
}
Event: 10.546 GC heap after
{Heap after GC invocations=8 (full 0):
 garbage-first heap   total 71680K, used 24323K [0x0000000080000000, 0x0000000100000000)
  region size 1024K, 2 young (2048K), 2 survivors (2048K)
 Metaspace       used 35667K, committed 35968K, reserved 1114112K
  class space    used 4854K, committed 4992K, reserved 1048576K
}
Event: 11.572 GC heap before
{Heap before GC invocations=9 (full 0):
 garbage-first heap   total 71680K, used 54019K [0x0000000080000000, 0x0000000100000000)
  region size 1024K, 32 young (32768K), 2 survivors (2048K)
 Metaspace       used 41450K, committed 41792K, reserved 1114112K
  class space    used 5477K, committed 5632K, reserved 1048576K
}
Event: 11.582 GC heap after
{Heap after GC invocations=10 (full 0):
 garbage-first heap   total 71680K, used 27948K [0x0000000080000000, 0x0000000100000000)
  region size 1024K, 4 young (4096K), 4 survivors (4096K)
 Metaspace       used 41450K, committed 41792K, reserved 1114112K
  class space    used 5477K, committed 5632K, reserved 1048576K
}
Event: 11.838 GC heap before
{Heap before GC invocations=10 (full 0):
 garbage-first heap   total 71680K, used 54572K [0x0000000080000000, 0x0000000100000000)
  region size 1024K, 30 young (30720K), 4 survivors (4096K)
 Metaspace       used 42551K, committed 42944K, reserved 1114112K
  class space    used 5652K, committed 5824K, reserved 1048576K
}
Event: 11.846 GC heap after
{Heap after GC invocations=11 (full 0):
 garbage-first heap   total 71680K, used 30043K [0x0000000080000000, 0x0000000100000000)
  region size 1024K, 2 young (2048K), 2 survivors (2048K)
 Metaspace       used 42551K, committed 42944K, reserved 1114112K
  class space    used 5652K, committed 5824K, reserved 1048576K
}
Event: 12.422 GC heap before
{Heap before GC invocations=11 (full 0):
 garbage-first heap   total 71680K, used 55643K [0x0000000080000000, 0x0000000100000000)
  region size 1024K, 27 young (27648K), 2 survivors (2048K)
 Metaspace       used 45476K, committed 45952K, reserved 1114112K
  class space    used 6144K, committed 6400K, reserved 1048576K
}

Dll operation events (3 events):
Event: 0.046 Loaded shared library D:\androidstudio\jbr\bin\java.dll
Event: 0.271 Loaded shared library D:\androidstudio\jbr\bin\zip.dll
Event: 0.778 Loaded shared library D:\androidstudio\jbr\bin\verify.dll

Deoptimization events (20 events):
Event: 11.508 Thread 0x00000205250ec520 DEOPT PACKING pc=0x000002050fd7b06c sp=0x000000b1aaff8a20
Event: 11.508 Thread 0x00000205250ec520 DEOPT UNPACKING pc=0x000002050f4b69a3 sp=0x000000b1aaff8960 mode 2
Event: 11.731 Thread 0x00000205250ec520 Uncommon trap: trap_request=0xffffff45 fr.pc=0x000002050fcb629c relative=0x00000000000070bc
Event: 11.731 Thread 0x00000205250ec520 Uncommon trap: reason=unstable_if action=reinterpret pc=0x000002050fcb629c method=jdk.internal.org.objectweb.asm.Frame.execute(IILjdk/internal/org/objectweb/asm/Symbol;Ljdk/internal/org/objectweb/asm/SymbolTable;)V @ 1 c2
Event: 11.731 Thread 0x00000205250ec520 DEOPT PACKING pc=0x000002050fcb629c sp=0x000000b1aaff9800
Event: 11.731 Thread 0x00000205250ec520 DEOPT UNPACKING pc=0x000002050f4b69a3 sp=0x000000b1aaff97b8 mode 2
Event: 12.075 Thread 0x00000205250ec520 DEOPT PACKING pc=0x00000205083d3688 sp=0x000000b1aaff8ac0
Event: 12.075 Thread 0x00000205250ec520 DEOPT UNPACKING pc=0x000002050f4b7143 sp=0x000000b1aaff7fc8 mode 0
Event: 12.161 Thread 0x00000205250ec520 Uncommon trap: trap_request=0xffffff45 fr.pc=0x000002050fd0e3bc relative=0x00000000000006fc
Event: 12.161 Thread 0x00000205250ec520 Uncommon trap: reason=unstable_if action=reinterpret pc=0x000002050fd0e3bc method=java.lang.Class.getPackageName()Ljava/lang/String; @ 55 c2
Event: 12.161 Thread 0x00000205250ec520 DEOPT PACKING pc=0x000002050fd0e3bc sp=0x000000b1aaff9940
Event: 12.161 Thread 0x00000205250ec520 DEOPT UNPACKING pc=0x000002050f4b69a3 sp=0x000000b1aaff9900 mode 2
Event: 12.175 Thread 0x00000205250ec520 Uncommon trap: trap_request=0xffffff45 fr.pc=0x000002050fd47260 relative=0x0000000000004380
Event: 12.175 Thread 0x00000205250ec520 Uncommon trap: reason=unstable_if action=reinterpret pc=0x000002050fd47260 method=org.objectweb.asm.Frame.push(I)V @ 26 c2
Event: 12.175 Thread 0x00000205250ec520 DEOPT PACKING pc=0x000002050fd47260 sp=0x000000b1aaff8570
Event: 12.175 Thread 0x00000205250ec520 DEOPT UNPACKING pc=0x000002050f4b69a3 sp=0x000000b1aaff8498 mode 2
Event: 12.331 Thread 0x00000205250ec520 Uncommon trap: trap_request=0xffffff45 fr.pc=0x000002050fd3dd30 relative=0x0000000000000110
Event: 12.331 Thread 0x00000205250ec520 Uncommon trap: reason=unstable_if action=reinterpret pc=0x000002050fd3dd30 method=java.util.Arrays.hashCode([Ljava/lang/Object;)I @ 34 c2
Event: 12.331 Thread 0x00000205250ec520 DEOPT PACKING pc=0x000002050fd3dd30 sp=0x000000b1aaff98c0
Event: 12.331 Thread 0x00000205250ec520 DEOPT UNPACKING pc=0x000002050f4b69a3 sp=0x000000b1aaff9838 mode 2

Classes unloaded (0 events):
No events

Classes redefined (0 events):
No events

Internal exceptions (20 events):
Event: 11.732 Thread 0x00000205250ec520 Exception <a 'java/lang/NoSuchMethodError'{0x000000008381c770}: 'java.lang.Object java.lang.invoke.DirectMethodHandle$Holder.invokeStatic(java.lang.Object, java.lang.Object, java.lang.Object, java.lang.Object, java.lang.Object, java.lang.Object, java.lang.Object, java.lang.Object, java.lang.Object, java.lang.Object, java.lang.Object, java.lang.Object, java.lang.Object, java.lang.Object, java.lang.Object, java.lang.Object, java.lang.Object)'> (0x000000008381c770) 
thrown [s\src\hotspot\share\interpreter\lin
Event: 11.735 Thread 0x00000205250ec520 Exception <a 'java/lang/NoSuchMethodError'{0x00000000838459d8}: 'java.lang.Object java.lang.invoke.DirectMethodHandle$Holder.invokeStatic(java.lang.Object, java.lang.Object, java.lang.Object, java.lang.Object, java.lang.Object, java.lang.Object, java.lang.Object, java.lang.Object, java.lang.Object, java.lang.Object, java.lang.Object, java.lang.Object, java.lang.Object, java.lang.Object, java.lang.Object, java.lang.Object, java.lang.Object, java.lang.Object)'> (0x00000000838459d8) 
thrown [s\src\hotspot\sha
Event: 11.738 Thread 0x00000205250ec520 Exception <a 'java/lang/NoSuchMethodError'{0x000000008386ff40}: 'java.lang.Object java.lang.invoke.DirectMethodHandle$Holder.invokeStatic(java.lang.Object, java.lang.Object, java.lang.Object, java.lang.Object, java.lang.Object, java.lang.Object, java.lang.Object, java.lang.Object, java.lang.Object, java.lang.Object, java.lang.Object, java.lang.Object, java.lang.Object, java.lang.Object, java.lang.Object, java.lang.Object, java.lang.Object, java.lang.Object, java.lang.Object)'> (0x000000008386ff40) 
thrown 
Event: 11.741 Thread 0x00000205250ec520 Exception <a 'java/lang/NoSuchMethodError'{0x000000008389bde8}: 'java.lang.Object java.lang.invoke.DirectMethodHandle$Holder.invokeStatic(java.lang.Object, java.lang.Object, java.lang.Object, java.lang.Object, java.lang.Object, java.lang.Object, java.lang.Object, java.lang.Object, java.lang.Object, java.lang.Object, java.lang.Object, java.lang.Object, java.lang.Object, java.lang.Object, java.lang.Object, java.lang.Object, java.lang.Object, java.lang.Object, java.lang.Object, java.lang.Object)'> (0x00000000
Event: 11.743 Thread 0x00000205250ec520 Exception <a 'java/lang/NoSuchMethodError'{0x00000000838c81d0}: 'java.lang.Object java.lang.invoke.DirectMethodHandle$Holder.invokeStatic(java.lang.Object, java.lang.Object, java.lang.Object, java.lang.Object, java.lang.Object, java.lang.Object, java.lang.Object, java.lang.Object, java.lang.Object, java.lang.Object, java.lang.Object, java.lang.Object, java.lang.Object, java.lang.Object, java.lang.Object, java.lang.Object, java.lang.Object, java.lang.Object, java.lang.Object, java.lang.Object, java.lang.Obj
Event: 11.745 Thread 0x00000205250ec520 Exception <a 'java/lang/NoSuchMethodError'{0x00000000838fa9c8}: 'java.lang.Object java.lang.invoke.DirectMethodHandle$Holder.invokeStatic(java.lang.Object, java.lang.Object, java.lang.Object, java.lang.Object, java.lang.Object, java.lang.Object, java.lang.Object, java.lang.Object, java.lang.Object, java.lang.Object, java.lang.Object, java.lang.Object, java.lang.Object, java.lang.Object, java.lang.Object, java.lang.Object, java.lang.Object, java.lang.Object, java.lang.Object, java.lang.Object, java.lang.Obj
Event: 11.747 Thread 0x00000205250ec520 Exception <a 'java/lang/NoSuchMethodError'{0x0000000083729820}: 'java.lang.Object java.lang.invoke.DirectMethodHandle$Holder.invokeStatic(java.lang.Object, java.lang.Object, java.lang.Object, java.lang.Object, java.lang.Object, java.lang.Object, java.lang.Object, java.lang.Object, java.lang.Object, java.lang.Object, java.lang.Object, java.lang.Object, java.lang.Object, java.lang.Object, java.lang.Object, java.lang.Object, java.lang.Object, java.lang.Object, java.lang.Object, java.lang.Object, java.lang.Obj
Event: 11.749 Thread 0x00000205250ec520 Exception <a 'java/lang/NoSuchMethodError'{0x0000000083758850}: 'java.lang.Object java.lang.invoke.DirectMethodHandle$Holder.invokeStatic(java.lang.Object, java.lang.Object, java.lang.Object, java.lang.Object, java.lang.Object, java.lang.Object, java.lang.Object, java.lang.Object, java.lang.Object, java.lang.Object, java.lang.Object, java.lang.Object, java.lang.Object, java.lang.Object, java.lang.Object, java.lang.Object, java.lang.Object, java.lang.Object, java.lang.Object, java.lang.Object, java.lang.Obj
Event: 11.751 Thread 0x00000205250ec520 Exception <a 'java/lang/NoSuchMethodError'{0x00000000837898d0}: 'java.lang.Object java.lang.invoke.DirectMethodHandle$Holder.invokeStatic(java.lang.Object, java.lang.Object, java.lang.Object, java.lang.Object, java.lang.Object, java.lang.Object, java.lang.Object, java.lang.Object, java.lang.Object, java.lang.Object, java.lang.Object, java.lang.Object, java.lang.Object, java.lang.Object, java.lang.Object, java.lang.Object, java.lang.Object, java.lang.Object, java.lang.Object, java.lang.Object, java.lang.Obj
Event: 11.753 Thread 0x00000205250ec520 Exception <a 'java/lang/NoSuchMethodError'{0x00000000837bbd60}: 'java.lang.Object java.lang.invoke.DirectMethodHandle$Holder.invokeStatic(java.lang.Object, java.lang.Object, java.lang.Object, java.lang.Object, java.lang.Object, java.lang.Object, java.lang.Object, java.lang.Object, java.lang.Object, java.lang.Object, java.lang.Object, java.lang.Object, java.lang.Object, java.lang.Object, java.lang.Object, java.lang.Object, java.lang.Object, java.lang.Object, java.lang.Object, java.lang.Object, java.lang.Obj
Event: 11.980 Thread 0x00000205250ec520 Exception <a 'java/lang/IncompatibleClassChangeError'{0x000000008466fa58}: Found class java.lang.Object, but interface was expected> (0x000000008466fa58) 
thrown [s\src\hotspot\share\interpreter\linkResolver.cpp, line 838]
Event: 11.999 Thread 0x00000205250ec520 Exception <a 'java/lang/NoSuchMethodError'{0x000000008452e7d8}: 'java.lang.Object java.lang.invoke.DirectMethodHandle$Holder.newInvokeSpecial(java.lang.Object, java.lang.Object, long)'> (0x000000008452e7d8) 
thrown [s\src\hotspot\share\interpreter\linkResolver.cpp, line 771]
Event: 11.999 Thread 0x00000205250ec520 Exception <a 'java/lang/NoSuchMethodError'{0x0000000084533090}: 'java.lang.Object java.lang.invoke.Invokers$Holder.linkToTargetMethod(java.lang.Object, long, java.lang.Object)'> (0x0000000084533090) 
thrown [s\src\hotspot\share\interpreter\linkResolver.cpp, line 771]
Event: 12.041 Thread 0x00000205250ec520 Exception <a 'java/lang/NoSuchMethodError'{0x00000000844ceac8}: 'int java.lang.invoke.DirectMethodHandle$Holder.invokeInterface(java.lang.Object, java.lang.Object)'> (0x00000000844ceac8) 
thrown [s\src\hotspot\share\interpreter\linkResolver.cpp, line 771]
Event: 12.136 Thread 0x00000205250ec520 Exception <a 'java/lang/NoSuchMethodError'{0x00000000841e1ed8}: 'java.lang.Object java.lang.invoke.DirectMethodHandle$Holder.invokeVirtual(java.lang.Object, java.lang.Object, int)'> (0x00000000841e1ed8) 
thrown [s\src\hotspot\share\interpreter\linkResolver.cpp, line 771]
Event: 12.180 Thread 0x00000205250ec520 Exception <a 'java/lang/NoSuchMethodError'{0x0000000083966ac0}: 'java.lang.Object java.lang.invoke.DirectMethodHandle$Holder.newInvokeSpecial(java.lang.Object, java.lang.Object, java.lang.Object, java.lang.Object, int)'> (0x0000000083966ac0) 
thrown [s\src\hotspot\share\interpreter\linkResolver.cpp, line 771]
Event: 12.181 Thread 0x00000205250ec520 Exception <a 'java/lang/NoSuchMethodError'{0x000000008396bb40}: 'java.lang.Object java.lang.invoke.DirectMethodHandle$Holder.invokeSpecial(java.lang.Object, java.lang.Object, java.lang.Object, java.lang.Object, java.lang.Object, int)'> (0x000000008396bb40) 
thrown [s\src\hotspot\share\interpreter\linkResolver.cpp, line 771]
Event: 12.181 Thread 0x00000205250ec520 Exception <a 'java/lang/NoSuchMethodError'{0x0000000083970570}: 'java.lang.Object java.lang.invoke.Invokers$Holder.linkToTargetMethod(java.lang.Object, java.lang.Object, java.lang.Object, int, java.lang.Object)'> (0x0000000083970570) 
thrown [s\src\hotspot\share\interpreter\linkResolver.cpp, line 771]
Event: 12.211 Thread 0x00000205250ec520 Exception <a 'java/lang/NoSuchMethodError'{0x000000008374c098}: 'int java.lang.invoke.DirectMethodHandle$Holder.invokeInterface(java.lang.Object, java.lang.Object, java.lang.Object, java.lang.Object)'> (0x000000008374c098) 
thrown [s\src\hotspot\share\interpreter\linkResolver.cpp, line 771]
Event: 12.331 Thread 0x00000205250ec520 Implicit null exception at 0x000002050fd3dc6c to 0x000002050fd3dd14

VM Operations (20 events):
Event: 11.433 Executing VM operation: HandshakeAllThreads done
Event: 11.520 Executing VM operation: HandshakeAllThreads
Event: 11.520 Executing VM operation: HandshakeAllThreads done
Event: 11.572 Executing VM operation: G1CollectForAllocation
Event: 11.582 Executing VM operation: G1CollectForAllocation done
Event: 11.838 Executing VM operation: G1CollectForAllocation
Event: 11.847 Executing VM operation: G1CollectForAllocation done
Event: 11.983 Executing VM operation: HandshakeAllThreads
Event: 11.983 Executing VM operation: HandshakeAllThreads done
Event: 12.019 Executing VM operation: HandshakeAllThreads
Event: 12.019 Executing VM operation: HandshakeAllThreads done
Event: 12.201 Executing VM operation: HandshakeAllThreads
Event: 12.201 Executing VM operation: HandshakeAllThreads done
Event: 12.205 Executing VM operation: HandshakeAllThreads
Event: 12.205 Executing VM operation: HandshakeAllThreads done
Event: 12.210 Executing VM operation: HandshakeAllThreads
Event: 12.210 Executing VM operation: HandshakeAllThreads done
Event: 12.302 Executing VM operation: HandshakeAllThreads
Event: 12.302 Executing VM operation: HandshakeAllThreads done
Event: 12.422 Executing VM operation: G1CollectForAllocation

Events (20 events):
Event: 11.748 loading class java/lang/invoke/BoundMethodHandle$Species_LLLLLLLLLLLLLLLLLLLLL
Event: 11.748 loading class java/lang/invoke/BoundMethodHandle$Species_LLLLLLLLLLLLLLLLLLLLL done
Event: 11.750 loading class java/lang/invoke/BoundMethodHandle$Species_LLLLLLLLLLLLLLLLLLLLLL
Event: 11.750 loading class java/lang/invoke/BoundMethodHandle$Species_LLLLLLLLLLLLLLLLLLLLLL done
Event: 11.752 loading class java/lang/invoke/BoundMethodHandle$Species_LLLLLLLLLLLLLLLLLLLLLLL
Event: 11.752 loading class java/lang/invoke/BoundMethodHandle$Species_LLLLLLLLLLLLLLLLLLLLLLL done
Event: 11.765 loading class java/util/regex/Pattern$Pos
Event: 11.765 loading class java/util/regex/Pattern$Pos done
Event: 12.028 loading class java/nio/charset/CharacterCodingException
Event: 12.028 loading class java/nio/charset/CharacterCodingException done
Event: 12.137 loading class java/util/stream/Streams$RangeIntSpliterator
Event: 12.138 loading class java/util/stream/Streams$RangeIntSpliterator done
Event: 12.204 loading class java/util/ArrayList$ListItr
Event: 12.205 loading class java/util/ArrayList$ListItr done
Event: 12.388 loading class java/util/concurrent/atomic/AtomicReferenceFieldUpdater
Event: 12.388 loading class java/util/concurrent/atomic/AtomicReferenceFieldUpdater done
Event: 12.388 loading class java/util/concurrent/atomic/AtomicReferenceFieldUpdater$AtomicReferenceFieldUpdaterImpl
Event: 12.389 loading class java/util/concurrent/atomic/AtomicReferenceFieldUpdater$AtomicReferenceFieldUpdaterImpl done
Event: 12.389 loading class java/util/concurrent/atomic/AtomicReferenceFieldUpdater$AtomicReferenceFieldUpdaterImpl$1
Event: 12.389 loading class java/util/concurrent/atomic/AtomicReferenceFieldUpdater$AtomicReferenceFieldUpdaterImpl$1 done


Dynamic libraries:
0x00007ff727510000 - 0x00007ff72751a000 	D:\androidstudio\jbr\bin\java.exe
0x00007ffffe570000 - 0x00007ffffe787000 	C:\WINDOWS\SYSTEM32\ntdll.dll
0x00007ffffd610000 - 0x00007ffffd6d4000 	C:\WINDOWS\System32\KERNEL32.DLL
0x00007ffffbef0000 - 0x00007ffffc29d000 	C:\WINDOWS\System32\KERNELBASE.dll
0x00007ffffb900000 - 0x00007ffffba11000 	C:\WINDOWS\System32\ucrtbase.dll
0x00007fffd2d90000 - 0x00007fffd2da7000 	D:\androidstudio\jbr\bin\jli.dll
0x00007fffa9310000 - 0x00007fffa932b000 	D:\androidstudio\jbr\bin\VCRUNTIME140.dll
0x00007ffffc320000 - 0x00007ffffc4ce000 	C:\WINDOWS\System32\USER32.dll
0x00007ffffbec0000 - 0x00007ffffbee6000 	C:\WINDOWS\System32\win32u.dll
0x00007ffffd260000 - 0x00007ffffd289000 	C:\WINDOWS\System32\GDI32.dll
0x00007ffffbda0000 - 0x00007ffffbeb9000 	C:\WINDOWS\System32\gdi32full.dll
0x00007ffffbb90000 - 0x00007ffffbc2a000 	C:\WINDOWS\System32\msvcp_win.dll
0x00007fffc5350000 - 0x00007fffc55e3000 	C:\WINDOWS\WinSxS\amd64_microsoft.windows.common-controls_6595b64144ccf1df_6.0.22621.3672_none_2713b9d173822955\COMCTL32.dll
0x00007ffffc640000 - 0x00007ffffc6e7000 	C:\WINDOWS\System32\msvcrt.dll
0x00007ffffde60000 - 0x00007ffffde91000 	C:\WINDOWS\System32\IMM32.DLL
0x00007ffff3110000 - 0x00007ffff311c000 	D:\androidstudio\jbr\bin\vcruntime140_1.dll
0x00007fff678a0000 - 0x00007fff6792d000 	D:\androidstudio\jbr\bin\msvcp140.dll
0x00007fff7e470000 - 0x00007fff7f0f3000 	D:\androidstudio\jbr\bin\server\jvm.dll
0x00007ffffdda0000 - 0x00007ffffde52000 	C:\WINDOWS\System32\ADVAPI32.dll
0x00007ffffdcf0000 - 0x00007ffffdd99000 	C:\WINDOWS\System32\sechost.dll
0x00007ffffbb60000 - 0x00007ffffbb88000 	C:\WINDOWS\System32\bcrypt.dll
0x00007ffffd4d0000 - 0x00007ffffd5e4000 	C:\WINDOWS\System32\RPCRT4.dll
0x00007ffff2f60000 - 0x00007ffff2f94000 	C:\WINDOWS\SYSTEM32\WINMM.dll
0x00007ffffb760000 - 0x00007ffffb7ad000 	C:\WINDOWS\SYSTEM32\POWRPROF.dll
0x00007fffd5f70000 - 0x00007fffd5f79000 	C:\WINDOWS\SYSTEM32\WSOCK32.dll
0x00007fffebbf0000 - 0x00007fffebbfa000 	C:\WINDOWS\SYSTEM32\VERSION.dll
0x00007ffffdf10000 - 0x00007ffffdf81000 	C:\WINDOWS\System32\ws2_32.DLL
0x00007ffffb740000 - 0x00007ffffb753000 	C:\WINDOWS\SYSTEM32\UMPDC.dll
0x00007ffffa8e0000 - 0x00007ffffa8f8000 	C:\WINDOWS\SYSTEM32\kernel.appcore.dll
0x00007ffff83b0000 - 0x00007ffff83ba000 	D:\androidstudio\jbr\bin\jimage.dll
0x00007ffff8fb0000 - 0x00007ffff91e2000 	C:\WINDOWS\SYSTEM32\DBGHELP.DLL
0x00007ffffd750000 - 0x00007ffffdade000 	C:\WINDOWS\System32\combase.dll
0x00007ffffd180000 - 0x00007ffffd257000 	C:\WINDOWS\System32\OLEAUT32.dll
0x00007fffda790000 - 0x00007fffda7c2000 	C:\WINDOWS\SYSTEM32\dbgcore.DLL
0x00007ffffbae0000 - 0x00007ffffbb5b000 	C:\WINDOWS\System32\bcryptPrimitives.dll
0x00007fffd9d70000 - 0x00007fffd9d7e000 	D:\androidstudio\jbr\bin\instrument.dll
0x00007fffa9bf0000 - 0x00007fffa9c15000 	D:\androidstudio\jbr\bin\java.dll
0x00007ffff0630000 - 0x00007ffff0648000 	D:\androidstudio\jbr\bin\zip.dll
0x00007ffffc910000 - 0x00007ffffd177000 	C:\WINDOWS\System32\SHELL32.dll
0x00007ffff9810000 - 0x00007ffffa10f000 	C:\WINDOWS\SYSTEM32\windows.storage.dll
0x00007ffff96d0000 - 0x00007ffff980f000 	C:\WINDOWS\SYSTEM32\wintypes.dll
0x00007ffffdf90000 - 0x00007ffffe089000 	C:\WINDOWS\System32\SHCORE.dll
0x00007ffffdae0000 - 0x00007ffffdb3e000 	C:\WINDOWS\System32\shlwapi.dll
0x00007ffffb7c0000 - 0x00007ffffb7e7000 	C:\WINDOWS\SYSTEM32\profapi.dll
0x00007fffdc250000 - 0x00007fffdc269000 	D:\androidstudio\jbr\bin\net.dll
0x00007ffff43b0000 - 0x00007ffff44e6000 	C:\WINDOWS\SYSTEM32\WINHTTP.dll
0x00007ffffad50000 - 0x00007ffffadb9000 	C:\WINDOWS\system32\mswsock.dll
0x00007fffdbe30000 - 0x00007fffdbe46000 	D:\androidstudio\jbr\bin\nio.dll
0x00007fffdaf40000 - 0x00007fffdaf50000 	D:\androidstudio\jbr\bin\verify.dll
0x00007fffa9330000 - 0x00007fffa9357000 	C:\Users\HP\.gradle\native\c067742578af261105cb4f569cf0c3c89f3d7b1fecec35dd04571415982c5e48\windows-amd64\native-platform.dll
0x00007fff62160000 - 0x00007fff622a4000 	C:\Users\HP\.gradle\native\38dada09dfb8b06ba9b0570ebf7e218e3eb74d4ef43ca46872605cf95ebc2f47\windows-amd64\native-platform-file-events.dll
0x00007fffe57f0000 - 0x00007fffe57f9000 	D:\androidstudio\jbr\bin\management.dll
0x00007fffdaf50000 - 0x00007fffdaf5b000 	D:\androidstudio\jbr\bin\management_ext.dll
0x00007ffffe510000 - 0x00007ffffe518000 	C:\WINDOWS\System32\PSAPI.DLL
0x00007ffffafa0000 - 0x00007ffffafbb000 	C:\WINDOWS\SYSTEM32\CRYPTSP.dll
0x00007ffffa840000 - 0x00007ffffa875000 	C:\WINDOWS\system32\rsaenh.dll
0x00007ffffae40000 - 0x00007ffffae68000 	C:\WINDOWS\SYSTEM32\USERENV.dll
0x00007ffffafc0000 - 0x00007ffffafcc000 	C:\WINDOWS\SYSTEM32\CRYPTBASE.dll
0x00007ffffa370000 - 0x00007ffffa39d000 	C:\WINDOWS\SYSTEM32\IPHLPAPI.DLL
0x00007ffffc630000 - 0x00007ffffc639000 	C:\WINDOWS\System32\NSI.dll
0x00007ffff4390000 - 0x00007ffff43a9000 	C:\WINDOWS\SYSTEM32\dhcpcsvc6.DLL
0x00007ffff4370000 - 0x00007ffff438f000 	C:\WINDOWS\SYSTEM32\dhcpcsvc.DLL
0x00007ffffa3e0000 - 0x00007ffffa4d8000 	C:\WINDOWS\SYSTEM32\DNSAPI.dll
0x00007ffff3f50000 - 0x00007ffff3f59000 	D:\androidstudio\jbr\bin\extnet.dll
0x00007fffdb620000 - 0x00007fffdb628000 	C:\WINDOWS\system32\wshunix.dll

dbghelp: loaded successfully - version: 4.0.5 - missing functions: none
symbol engine: initialized successfully - sym options: 0x614 - pdb path: .;D:\androidstudio\jbr\bin;C:\WINDOWS\SYSTEM32;C:\WINDOWS\WinSxS\amd64_microsoft.windows.common-controls_6595b64144ccf1df_6.0.22621.3672_none_2713b9d173822955;D:\androidstudio\jbr\bin\server;C:\Users\HP\.gradle\native\c067742578af261105cb4f569cf0c3c89f3d7b1fecec35dd04571415982c5e48\windows-amd64;C:\Users\HP\.gradle\native\38dada09dfb8b06ba9b0570ebf7e218e3eb74d4ef43ca46872605cf95ebc2f47\windows-amd64

VM Arguments:
jvm_args: --add-opens=java.base/java.util=ALL-UNNAMED --add-opens=java.base/java.lang=ALL-UNNAMED --add-opens=java.base/java.lang.invoke=ALL-UNNAMED --add-opens=java.prefs/java.util.prefs=ALL-UNNAMED --add-opens=java.base/java.nio.charset=ALL-UNNAMED --add-opens=java.base/java.net=ALL-UNNAMED --add-opens=java.base/java.util.concurrent.atomic=ALL-UNNAMED -Xmx2048m -Dfile.encoding=UTF-8 -Duser.country=VN -Duser.language=vi -Duser.variant -javaagent:C:\Users\HP\.gradle\wrapper\dists\gradle-8.7-bin\bhs2wmbdwecv87pi65oeuq5iu\gradle-8.7\lib\agents\gradle-instrumentation-agent-8.7.jar 
java_command: org.gradle.launcher.daemon.bootstrap.GradleDaemon 8.7
java_class_path (initial): C:\Users\HP\.gradle\wrapper\dists\gradle-8.7-bin\bhs2wmbdwecv87pi65oeuq5iu\gradle-8.7\lib\gradle-launcher-8.7.jar
Launcher Type: SUN_STANDARD

[Global flags]
     intx CICompilerCount                          = 12                                        {product} {ergonomic}
     uint ConcGCThreads                            = 3                                         {product} {ergonomic}
     uint G1ConcRefinementThreads                  = 13                                        {product} {ergonomic}
   size_t G1HeapRegionSize                         = 1048576                                   {product} {ergonomic}
    uintx GCDrainStackTargetSize                   = 64                                        {product} {ergonomic}
   size_t InitialHeapSize                          = 130023424                                 {product} {ergonomic}
   size_t MarkStackSize                            = 4194304                                   {product} {ergonomic}
   size_t MaxHeapSize                              = 2147483648                                {product} {command line}
   size_t MaxNewSize                               = 1287651328                                {product} {ergonomic}
   size_t MinHeapDeltaBytes                        = 1048576                                   {product} {ergonomic}
   size_t MinHeapSize                              = 8388608                                   {product} {ergonomic}
    uintx NonNMethodCodeHeapSize                   = 7602480                                {pd product} {ergonomic}
    uintx NonProfiledCodeHeapSize                  = 122027880                              {pd product} {ergonomic}
    uintx ProfiledCodeHeapSize                     = 122027880                              {pd product} {ergonomic}
    uintx ReservedCodeCacheSize                    = 251658240                              {pd product} {ergonomic}
     bool SegmentedCodeCache                       = true                                      {product} {ergonomic}
   size_t SoftMaxHeapSize                          = 2147483648                             {manageable} {ergonomic}
     bool UseCompressedClassPointers               = true                           {product lp64_product} {ergonomic}
     bool UseCompressedOops                        = true                           {product lp64_product} {ergonomic}
     bool UseG1GC                                  = true                                      {product} {ergonomic}
     bool UseLargePagesIndividualAllocation        = false                                  {pd product} {ergonomic}

Logging:
Log output configuration:
 #0: stdout all=warning uptime,level,tags
 #1: stderr all=off uptime,level,tags

Environment Variables:
PATH=C:\Program Files\Eclipse Foundation\jdk-8.0.302.8-hotspot\bin;C:\Program Files\Common Files\Oracle\Java\javapath;C:\Program Files (x86)\VMware\VMware Workstation\bin\;C:\WINDOWS\system32;C:\WINDOWS;C:\WINDOWS\System32\Wbem;C:\WINDOWS\System32\WindowsPowerShell\v1.0\;C:\WINDOWS\System32\OpenSSH\;C:\Program Files\Azure Data Studio\bin;C:\Program Files (x86)\Microsoft SQL Server\160\Tools\Binn\;C:\Program Files\Microsoft SQL Server\160\Tools\Binn\;C:\Program Files\Microsoft SQL Server\Client SDK\ODBC\170\Tools\Binn\;C:\Program Files\Microsoft SQL Server\160\DTS\Binn\;C:\Program Files\Microsoft SQL Server\Client SDK\ODBC\130\Tools\Binn\;C:\Program Files (x86)\Microsoft SQL Server\140\Tools\Binn\;C:\Program Files\Microsoft SQL Server\140\Tools\Binn\;C:\Program Files\Microsoft SQL Server\140\DTS\Binn\;C:\Program Files (x86)\Microsoft SQL Server\160\DTS\Binn\;C:\Program Files\Microsoft SQL Server\130\Tools\Binn\;C:\Program Files\HP\HP One Agent;C:\Program Files\Git\cmd;C:\Users\HP\AppData\Local\Microsoft\WindowsApps;;D:\Microsoft VS Code\bin;C:\Program Files\Azure Data Studio\bin
USERNAME=HP
OS=Windows_NT
PROCESSOR_IDENTIFIER=Intel64 Family 6 Model 154 Stepping 3, GenuineIntel
TMP=C:\Users\HP\AppData\Local\Temp
TEMP=C:\Users\HP\AppData\Local\Temp



Periodic native trim disabled

JNI global refs:
JNI global refs: 33, weak refs: 3

JNI global refs memory usage: 843, weak refs: 841

Process memory usage:
Resident Set Size: 149892K (1% of 8048820K total physical memory with 147412K free physical memory)

OOME stack traces (most recent first):
Classloader memory used:
Loader org.gradle.internal.classloader.VisitableURLClassLoader                         : 2691K
Loader bootstrap                                                                       : 2334K
Loader org.gradle.initialization.MixInLegacyTypesClassLoader                           : 558K
Loader jdk.internal.loader.ClassLoaders$PlatformClassLoader                            : 67684B
Loader jdk.internal.loader.ClassLoaders$AppClassLoader                                 : 28757B
Loader jdk.internal.reflect.DelegatingClassLoader                                      : 4428B
Loader org.gradle.internal.classloader.VisitableURLClassLoader                         : 1905B

Classes loaded by more than one classloader:
Class org.gradle.internal.installation.GradleInstallation                             : loaded 2 times (x 73B)
Class org.gradle.internal.classpath.ClassPath                                         : loaded 2 times (x 68B)
Class org.gradle.api.internal.classpath.DefaultModuleRegistry                         : loaded 2 times (x 84B)
Class org.gradle.api.Action                                                           : loaded 2 times (x 68B)
Class org.gradle.api.internal.DefaultClassPathProvider                                : loaded 2 times (x 74B)
Class org.gradle.internal.installation.GradleInstallation$1                           : loaded 2 times (x 73B)
Class org.gradle.internal.classloader.FilteringClassLoader                            : loaded 2 times (x 103B)
Class org.gradle.internal.classpath.DefaultClassPath$ImmutableUniqueList$Builder      : loaded 2 times (x 73B)
Class org.gradle.internal.classloader.ClassLoaderVisitor                              : loaded 2 times (x 74B)
Class org.gradle.internal.service.DefaultServiceLocator                               : loaded 2 times (x 81B)
Class org.gradle.internal.service.UnknownServiceException                             : loaded 2 times (x 81B)
Class org.gradle.internal.classloader.DefaultClassLoaderFactory                       : loaded 2 times (x 80B)
Class org.gradle.internal.classloader.VisitableURLClassLoader$Spec                    : loaded 2 times (x 72B)
Class org.gradle.api.GradleException                                                  : loaded 2 times (x 80B)
Class org.gradle.api.internal.classpath.ModuleRegistry                                : loaded 2 times (x 68B)
Class org.gradle.api.internal.ClassPathProvider                                       : loaded 2 times (x 68B)
Class org.gradle.internal.classloader.ClasspathUtil$1                                 : loaded 2 times (x 74B)
Class org.gradle.internal.classloader.ClassLoaderFactory                              : loaded 2 times (x 68B)
Class org.gradle.api.internal.classpath.ManifestUtil                                  : loaded 2 times (x 69B)
Class org.gradle.api.specs.Spec                                                       : loaded 2 times (x 68B)
Class org.gradle.internal.IoActions                                                   : loaded 2 times (x 69B)
Class org.gradle.api.internal.classpath.EffectiveClassPath                            : loaded 2 times (x 88B)
Class org.gradle.internal.installation.CurrentGradleInstallation                      : loaded 2 times (x 71B)
Class org.gradle.internal.agents.InstrumentingClassLoader                             : loaded 2 times (x 68B)
Class org.gradle.internal.installation.CurrentGradleInstallationLocator               : loaded 2 times (x 69B)
Class org.gradle.api.internal.classpath.Module                                        : loaded 2 times (x 68B)
Class org.gradle.internal.service.CachingServiceLocator                               : loaded 2 times (x 80B)
Class org.gradle.internal.classpath.DefaultClassPath                                  : loaded 2 times (x 88B)
Class org.gradle.internal.classloader.SystemClassLoaderSpec                           : loaded 2 times (x 69B)
Class org.gradle.api.UncheckedIOException                                             : loaded 2 times (x 80B)
Class org.gradle.internal.classloader.ClasspathUtil                                   : loaded 2 times (x 69B)
Class org.gradle.api.internal.DefaultClassPathRegistry                                : loaded 2 times (x 74B)
Class org.gradle.api.internal.classpath.DefaultModuleRegistry$DefaultModule           : loaded 2 times (x 84B)
Class org.gradle.api.internal.classpath.UnknownModuleException                        : loaded 2 times (x 80B)
Class org.gradle.internal.service.ServiceLookupException                              : loaded 2 times (x 80B)
Class org.gradle.cache.GlobalCache                                                    : loaded 2 times (x 68B)
Class [Lorg.gradle.api.internal.ClassPathProvider;                                    : loaded 2 times (x 67B)
Class org.gradle.util.internal.GUtil                                                  : loaded 2 times (x 69B)
Class org.gradle.internal.classloader.ClassLoaderSpec                                 : loaded 2 times (x 69B)
Class org.gradle.internal.classloader.VisitableURLClassLoader                         : loaded 2 times (x 115B)
Class org.gradle.internal.Cast                                                        : loaded 2 times (x 69B)
Class org.gradle.api.internal.ClassPathRegistry                                       : loaded 2 times (x 68B)
Class org.gradle.internal.classloader.VisitableURLClassLoader$InstrumentingVisitableURLClassLoader: loaded 2 times (x 121B)
Class org.gradle.internal.classloader.ClassLoaderHierarchy                            : loaded 2 times (x 68B)
Class org.gradle.internal.InternalTransformer                                         : loaded 2 times (x 68B)
Class org.gradle.internal.service.ServiceLocator                                      : loaded 2 times (x 68B)
Class org.gradle.internal.classpath.DefaultClassPath$ImmutableUniqueList              : loaded 2 times (x 159B)
Class org.gradle.internal.classpath.TransformedClassPath                              : loaded 2 times (x 94B)


---------------  S Y S T E M  ---------------

OS:
 Windows 11 , 64 bit Build 22621 (10.0.22621.3958)
OS uptime: 5 days 0:43 hours

CPU: total 16 (initial active 16) (16 cores per cpu, 1 threads per core) family 6 model 154 stepping 3 microcode 0x42c, cx8, cmov, fxsr, mmx, 3dnowpref, sse, sse2, sse3, ssse3, sse4.1, sse4.2, popcnt, lzcnt, tsc, tscinvbit, avx, avx2, aes, erms, clmul, bmi1, bmi2, adx, sha, fma, vzeroupper, clflush, clflushopt, clwb
Processor Information for processor 0
  Max Mhz: 1700, Current Mhz: 1700, Mhz Limit: 1700
Processor Information for processor 1
  Max Mhz: 1700, Current Mhz: 1700, Mhz Limit: 1700
Processor Information for processor 2
  Max Mhz: 1700, Current Mhz: 1700, Mhz Limit: 1700
Processor Information for processor 3
  Max Mhz: 1700, Current Mhz: 1700, Mhz Limit: 1700
Processor Information for processor 4
  Max Mhz: 1700, Current Mhz: 1700, Mhz Limit: 1700
Processor Information for processor 5
  Max Mhz: 1700, Current Mhz: 1700, Mhz Limit: 1700
Processor Information for processor 6
  Max Mhz: 1700, Current Mhz: 1700, Mhz Limit: 1700
Processor Information for processor 7
  Max Mhz: 1700, Current Mhz: 1700, Mhz Limit: 1700
Processor Information for processor 8
  Max Mhz: 1700, Current Mhz: 1200, Mhz Limit: 1190
Processor Information for processor 9
  Max Mhz: 1700, Current Mhz: 1200, Mhz Limit: 1190
Processor Information for processor 10
  Max Mhz: 1700, Current Mhz: 1200, Mhz Limit: 1190
Processor Information for processor 11
  Max Mhz: 1700, Current Mhz: 1200, Mhz Limit: 1190
Processor Information for processor 12
  Max Mhz: 1700, Current Mhz: 1200, Mhz Limit: 1190
Processor Information for processor 13
  Max Mhz: 1700, Current Mhz: 1200, Mhz Limit: 1190
Processor Information for processor 14
  Max Mhz: 1700, Current Mhz: 1200, Mhz Limit: 1190
Processor Information for processor 15
  Max Mhz: 1700, Current Mhz: 1200, Mhz Limit: 1190

Memory: 4k page, system-wide physical 7860M (147M free)
TotalPageFile size 19539M (AvailPageFile size 6M)
current process WorkingSet (physical memory assigned to process): 146M, peak: 146M
current process commit charge ("private bytes"): 260M, peak: 267M

vm_info: OpenJDK 64-Bit Server VM (17.0.11+0--11852314) for windows-amd64 JRE (17.0.11+0--11852314), built on May 16 2024 21:29:20 by "androidbuild" with MS VC++ 16.10 / 16.11 (VS2019)

END.
